<?xml version="1.0" encoding="UTF-8"?>
<testsuite xmlns:xsi="http://www.w3.org/2001/XMLSchema-instance" xsi:noNamespaceSchemaLocation="https://maven.apache.org/surefire/maven-surefire-plugin/xsd/surefire-test-report.xsd" name="TestSuite" time="44.521" tests="12" errors="0" skipped="0" failures="12">
  <properties>
[...]
</properties>
  <testcase name="runScenario" classname="cucumberOptions.TestNGTestRunner" time="11.659">
    <failure message="Multiple entries with same key: appium:app=bs://sample.app and appium:app=bs://c0f7fb58da2572be3153c560f9e6e13efa1dfc2d" type="java.lang.IllegalArgumentException">java.lang.IllegalArgumentException: Multiple entries with same key: appium:app=bs://sample.app and appium:app=bs://c0f7fb58da2572be3153c560f9e6e13efa1dfc2d
</failure>
    <system-out><![CDATA[
@US121942
Scenario: TC122298 Verify Error message should throw if the minimum or maximum value exceeds by user in Wireline Run time, Stack Frac portion only &amp#27;[90m# src/test/java/features/US121942.feature:4&amp#27;[0m

@US121942
Scenario: TC122298 Verify Error message should throw if the minimum or maximum value exceeds by user in Wireline Run time, Stack Frac portion only &amp#27;[90m# src/test/java/features/US121942.feature:4&amp#27;[0m

@US121942
Scenario: TC122298 Verify Error message should throw if the minimum or maximum value exceeds by user in Wireline Run time, Stack Frac portion only &amp#27;[90m# src/test/java/features/US121942.feature:4&amp#27;[0m
  &amp#27;[31mGiven &amp#27;[0m&amp#27;[31mUser launches the mobile application&amp#27;[0m                                                                                                       &amp#27;[90m# stepDefinitions.LoginPageStepDefinitions.user_launches_the_mobile_application()&amp#27;[0m
      &amp#27;[31mjava.lang.IllegalArgumentException: Multiple entries with same key: appium:app=bs://sample.app and appium:app=bs://c0f7fb58da2572be3153c560f9e6e13efa1dfc2d
	at com.google.common.collect.ImmutableMap.a(Unknown Source)
	at com.google.common.collect.ImmutableMap.a(Unknown Source)
	at com.google.common.collect.RegularImmutableMap.a(Unknown Source)
	at com.google.common.collect.RegularImmutableMap.b(Unknown Source)
	at com.google.common.collect.RegularImmutableMap.a(Unknown Source)
	at com.google.common.collect.ImmutableMap$Builder.a(Unknown Source)
	at com.google.common.collect.ImmutableMap$Builder.buildOrThrow(Unknown Source)
	at com.google.common.collect.ImmutableMap$Builder.build(Unknown Source)
	at java.base/java.util.stream.ReferencePipeline.collect(ReferencePipeline.java:582)
	at io.appium.java_client.remote.AppiumNewSessionCommandPayload.makeW3CSafe(AppiumNewSessionCommandPayload.java:40)
	at io.appium.java_client.remote.AppiumNewSessionCommandPayload.<init>(AppiumNewSessionCommandPayload.java:54)
	at io.appium.java_client.AppiumDriver.startSession(AppiumDriver.java:274)
	at org.openqa.selenium.remote.RemoteWebDriver.<init>(RemoteWebDriver.java:163)
	at io.appium.java_client.AppiumDriver.<init>(AppiumDriver.java:89)
	at io.appium.java_client.AppiumDriver.<init>(AppiumDriver.java:101)
	at io.appium.java_client.ios.IOSDriver.<init>(IOSDriver.java:104)
	at utils.TestBase.setup(TestBase.java:40)
	at utils.TestContextSetup.<init>(TestContextSetup.java:19)
	at java.base/jdk.internal.reflect.NativeConstructorAccessorImpl.newInstance0(Native Method)
	at java.base/jdk.internal.reflect.NativeConstructorAccessorImpl.newInstance(NativeConstructorAccessorImpl.java:62)
	at java.base/jdk.internal.reflect.DelegatingConstructorAccessorImpl.newInstance(DelegatingConstructorAccessorImpl.java:45)
	at java.base/java.lang.reflect.Constructor.newInstance(Constructor.java:490)
	at org.picocontainer.injectors.AbstractInjector.newInstance(AbstractInjector.java:145)
	at org.picocontainer.injectors.ConstructorInjector$1.run(ConstructorInjector.java:342)
	at org.picocontainer.injectors.AbstractInjector$ThreadLocalCyclicDependencyGuard.observe(AbstractInjector.java:270)
	at org.picocontainer.injectors.ConstructorInjector.getComponentInstance(ConstructorInjector.java:364)
	at org.picocontainer.injectors.AbstractInjectionFactory$LifecycleAdapter.getComponentInstance(AbstractInjectionFactory.java:56)
	at org.picocontainer.behaviors.AbstractBehavior.getComponentInstance(AbstractBehavior.java:64)
	at org.picocontainer.behaviors.Stored.getComponentInstance(Stored.java:91)
	at org.picocontainer.DefaultPicoContainer.getInstance(DefaultPicoContainer.java:699)
	at org.picocontainer.DefaultPicoContainer.getComponent(DefaultPicoContainer.java:647)
	at org.picocontainer.DefaultPicoContainer.getComponent(DefaultPicoContainer.java:632)
	at org.picocontainer.parameters.BasicComponentParameter$1.resolveInstance(BasicComponentParameter.java:118)
	at org.picocontainer.parameters.ComponentParameter$1.resolveInstance(ComponentParameter.java:136)
	at org.picocontainer.injectors.SingleMemberInjector.getParameter(SingleMemberInjector.java:78)
	at org.picocontainer.injectors.ConstructorInjector$CtorAndAdapters.getParameterArguments(ConstructorInjector.java:309)
	at org.picocontainer.injectors.ConstructorInjector$1.run(ConstructorInjector.java:335)
	at org.picocontainer.injectors.AbstractInjector$ThreadLocalCyclicDependencyGuard.observe(AbstractInjector.java:270)
	at org.picocontainer.injectors.ConstructorInjector.getComponentInstance(ConstructorInjector.java:364)
	at org.picocontainer.injectors.AbstractInjectionFactory$LifecycleAdapter.getComponentInstance(AbstractInjectionFactory.java:56)
	at org.picocontainer.behaviors.AbstractBehavior.getComponentInstance(AbstractBehavior.java:64)
	at org.picocontainer.behaviors.Stored.getComponentInstance(Stored.java:91)
	at org.picocontainer.DefaultPicoContainer.getInstance(DefaultPicoContainer.java:699)
	at org.picocontainer.DefaultPicoContainer.getComponent(DefaultPicoContainer.java:647)
	at org.picocontainer.DefaultPicoContainer.getComponent(DefaultPicoContainer.java:678)
	at io.cucumber.picocontainer.PicoFactory.getInstance(PicoFactory.java:64)
	at io.cucumber.java.AbstractGlueDefinition.invokeMethod(AbstractGlueDefinition.java:47)
	at io.cucumber.java.JavaStepDefinition.execute(JavaStepDefinition.java:29)
	at io.cucumber.core.runner.CoreStepDefinition.execute(CoreStepDefinition.java:66)
	at io.cucumber.core.runner.PickleStepDefinitionMatch.runStep(PickleStepDefinitionMatch.java:63)
	at io.cucumber.core.runner.ExecutionMode$1.execute(ExecutionMode.java:10)
	at io.cucumber.core.runner.TestStep.executeStep(TestStep.java:84)
	at io.cucumber.core.runner.TestStep.run(TestStep.java:56)
	at io.cucumber.core.runner.PickleStepTestStep.run(PickleStepTestStep.java:51)
	at io.cucumber.core.runner.TestCase.run(TestCase.java:84)
	at io.cucumber.core.runner.Runner.runPickle(Runner.java:75)
	at io.cucumber.testng.TestNGCucumberRunner.lambda$runScenario$1(TestNGCucumberRunner.java:132)
	at io.cucumber.core.runtime.CucumberExecutionContext.lambda$runTestCase$5(CucumberExecutionContext.java:137)
	at io.cucumber.core.runtime.RethrowingThrowableCollector.executeAndThrow(RethrowingThrowableCollector.java:23)
	at io.cucumber.core.runtime.CucumberExecutionContext.runTestCase(CucumberExecutionContext.java:137)
	at io.cucumber.testng.TestNGCucumberRunner.runScenario(TestNGCucumberRunner.java:129)
	at io.cucumber.testng.AbstractTestNGCucumberTests.runScenario(AbstractTestNGCucumberTests.java:35)
	at java.base/jdk.internal.reflect.NativeMethodAccessorImpl.invoke0(Native Method)
	at java.base/jdk.internal.reflect.NativeMethodAccessorImpl.invoke(NativeMethodAccessorImpl.java:62)
	at java.base/jdk.internal.reflect.DelegatingMethodAccessorImpl.invoke(DelegatingMethodAccessorImpl.java:43)
	at java.base/java.lang.reflect.Method.invoke(Method.java:566)
	at org.testng.internal.invokers.MethodInvocationHelper.invokeMethod(Unknown Source)
	at org.testng.internal.invokers.TestInvoker.a(Unknown Source)
	at org.testng.internal.invokers.TestInvoker.invokeTestMethod(Unknown Source)
	at org.testng.internal.invokers.MethodRunner.runInSequence(Unknown Source)
	at org.testng.internal.invokers.TestInvoker$MethodInvocationAgent.a(Unknown Source)
	at org.testng.internal.invokers.TestInvoker.invokeTestMethods(Unknown Source)
	at org.testng.internal.invokers.TestMethodWorker.invokeTestMethods(Unknown Source)
	at org.testng.internal.invokers.TestMethodWorker.run(Unknown Source)
	at java.base/java.util.ArrayList.forEach(ArrayList.java:1541)
	at org.testng.TestRunner.a(Unknown Source)
	at org.testng.TestRunner.run(Unknown Source)
	at org.testng.SuiteRunner.a(Unknown Source)
	at org.testng.SuiteRunner.a(Unknown Source)
	at org.testng.SuiteRunner$SuiteWorker.run(Unknown Source)
	at org.testng.internal.thread.ThreadUtil.a(Unknown Source)
	at java.base/java.util.concurrent.FutureTask.run(FutureTask.java:264)
	at java.base/java.util.concurrent.ThreadPoolExecutor.runWorker(ThreadPoolExecutor.java:1128)
	at java.base/java.util.concurrent.ThreadPoolExecutor$Worker.run(ThreadPoolExecutor.java:628)
	at java.base/java.lang.Thread.run(Thread.java:834)
&amp#27;[0m
  &amp#27;[31mGiven &amp#27;[0m&amp#27;[31mUser launches the mobile application&amp#27;[0m                                                                                                       &amp#27;[90m# stepDefinitions.LoginPageStepDefinitions.user_launches_the_mobile_application()&amp#27;[0m
      &amp#27;[31mjava.lang.IllegalArgumentException: Multiple entries with same key: appium:app=bs://sample.app and appium:app=bs://c0f7fb58da2572be3153c560f9e6e13efa1dfc2d
	at com.google.common.collect.ImmutableMap.a(Unknown Source)
	at com.google.common.collect.ImmutableMap.a(Unknown Source)
	at com.google.common.collect.RegularImmutableMap.a(Unknown Source)
	at com.google.common.collect.RegularImmutableMap.b(Unknown Source)
	at com.google.common.collect.RegularImmutableMap.a(Unknown Source)
	at com.google.common.collect.ImmutableMap$Builder.a(Unknown Source)
	at com.google.common.collect.ImmutableMap$Builder.buildOrThrow(Unknown Source)
	at com.google.common.collect.ImmutableMap$Builder.build(Unknown Source)
	at java.base/java.util.stream.ReferencePipeline.collect(ReferencePipeline.java:582)
	at io.appium.java_client.remote.AppiumNewSessionCommandPayload.makeW3CSafe(AppiumNewSessionCommandPayload.java:40)
	at io.appium.java_client.remote.AppiumNewSessionCommandPayload.<init>(AppiumNewSessionCommandPayload.java:54)
	at io.appium.java_client.AppiumDriver.startSession(AppiumDriver.java:274)
	at org.openqa.selenium.remote.RemoteWebDriver.<init>(RemoteWebDriver.java:163)
	at io.appium.java_client.AppiumDriver.<init>(AppiumDriver.java:89)
	at io.appium.java_client.AppiumDriver.<init>(AppiumDriver.java:101)
	at io.appium.java_client.ios.IOSDriver.<init>(IOSDriver.java:104)
	at utils.TestBase.setup(TestBase.java:40)
	at utils.TestContextSetup.<init>(TestContextSetup.java:19)
	at java.base/jdk.internal.reflect.NativeConstructorAccessorImpl.newInstance0(Native Method)
	at java.base/jdk.internal.reflect.NativeConstructorAccessorImpl.newInstance(NativeConstructorAccessorImpl.java:62)
	at java.base/jdk.internal.reflect.DelegatingConstructorAccessorImpl.newInstance(DelegatingConstructorAccessorImpl.java:45)
	at java.base/java.lang.reflect.Constructor.newInstance(Constructor.java:490)
	at org.picocontainer.injectors.AbstractInjector.newInstance(AbstractInjector.java:145)
	at org.picocontainer.injectors.ConstructorInjector$1.run(ConstructorInjector.java:342)
	at org.picocontainer.injectors.AbstractInjector$ThreadLocalCyclicDependencyGuard.observe(AbstractInjector.java:270)
	at org.picocontainer.injectors.ConstructorInjector.getComponentInstance(ConstructorInjector.java:364)
	at org.picocontainer.injectors.AbstractInjectionFactory$LifecycleAdapter.getComponentInstance(AbstractInjectionFactory.java:56)
	at org.picocontainer.behaviors.AbstractBehavior.getComponentInstance(AbstractBehavior.java:64)
	at org.picocontainer.behaviors.Stored.getComponentInstance(Stored.java:91)
	at org.picocontainer.DefaultPicoContainer.getInstance(DefaultPicoContainer.java:699)
	at org.picocontainer.DefaultPicoContainer.getComponent(DefaultPicoContainer.java:647)
	at org.picocontainer.DefaultPicoContainer.getComponent(DefaultPicoContainer.java:632)
	at org.picocontainer.parameters.BasicComponentParameter$1.resolveInstance(BasicComponentParameter.java:118)
	at org.picocontainer.parameters.ComponentParameter$1.resolveInstance(ComponentParameter.java:136)
	at org.picocontainer.injectors.SingleMemberInjector.getParameter(SingleMemberInjector.java:78)
	at org.picocontainer.injectors.ConstructorInjector$CtorAndAdapters.getParameterArguments(ConstructorInjector.java:309)
	at org.picocontainer.injectors.ConstructorInjector$1.run(ConstructorInjector.java:335)
	at org.picocontainer.injectors.AbstractInjector$ThreadLocalCyclicDependencyGuard.observe(AbstractInjector.java:270)
	at org.picocontainer.injectors.ConstructorInjector.getComponentInstance(ConstructorInjector.java:364)
	at org.picocontainer.injectors.AbstractInjectionFactory$LifecycleAdapter.getComponentInstance(AbstractInjectionFactory.java:56)
	at org.picocontainer.behaviors.AbstractBehavior.getComponentInstance(AbstractBehavior.java:64)
	at org.picocontainer.behaviors.Stored.getComponentInstance(Stored.java:91)
	at org.picocontainer.DefaultPicoContainer.getInstance(DefaultPicoContainer.java:699)
	at org.picocontainer.DefaultPicoContainer.getComponent(DefaultPicoContainer.java:647)
	at org.picocontainer.DefaultPicoContainer.getComponent(DefaultPicoContainer.java:678)
	at io.cucumber.picocontainer.PicoFactory.getInstance(PicoFactory.java:64)
	at io.cucumber.java.AbstractGlueDefinition.invokeMethod(AbstractGlueDefinition.java:47)
	at io.cucumber.java.JavaStepDefinition.execute(JavaStepDefinition.java:29)
	at io.cucumber.core.runner.CoreStepDefinition.execute(CoreStepDefinition.java:66)
	at io.cucumber.core.runner.PickleStepDefinitionMatch.runStep(PickleStepDefinitionMatch.java:63)
	at io.cucumber.core.runner.ExecutionMode$1.execute(ExecutionMode.java:10)
	at io.cucumber.core.runner.TestStep.executeStep(TestStep.java:84)
	at io.cucumber.core.runner.TestStep.run(TestStep.java:56)
	at io.cucumber.core.runner.PickleStepTestStep.run(PickleStepTestStep.java:51)
	at io.cucumber.core.runner.TestCase.run(TestCase.java:84)
	at io.cucumber.core.runner.Runner.runPickle(Runner.java:75)
	at io.cucumber.testng.TestNGCucumberRunner.lambda$runScenario$1(TestNGCucumberRunner.java:132)
	at io.cucumber.core.runtime.CucumberExecutionContext.lambda$runTestCase$5(CucumberExecutionContext.java:137)
	at io.cucumber.core.runtime.RethrowingThrowableCollector.executeAndThrow(RethrowingThrowableCollector.java:23)
	at io.cucumber.core.runtime.CucumberExecutionContext.runTestCase(CucumberExecutionContext.java:137)
	at io.cucumber.testng.TestNGCucumberRunner.runScenario(TestNGCucumberRunner.java:129)
	at io.cucumber.testng.AbstractTestNGCucumberTests.runScenario(AbstractTestNGCucumberTests.java:35)
	at java.base/jdk.internal.reflect.NativeMethodAccessorImpl.invoke0(Native Method)
	at java.base/jdk.internal.reflect.NativeMethodAccessorImpl.invoke(NativeMethodAccessorImpl.java:62)
	at java.base/jdk.internal.reflect.DelegatingMethodAccessorImpl.invoke(DelegatingMethodAccessorImpl.java:43)
	at java.base/java.lang.reflect.Method.invoke(Method.java:566)
	at org.testng.internal.invokers.MethodInvocationHelper.invokeMethod(Unknown Source)
	at org.testng.internal.invokers.TestInvoker.a(Unknown Source)
	at org.testng.internal.invokers.TestInvoker.invokeTestMethod(Unknown Source)
	at org.testng.internal.invokers.MethodRunner.runInSequence(Unknown Source)
	at org.testng.internal.invokers.TestInvoker$MethodInvocationAgent.a(Unknown Source)
	at org.testng.internal.invokers.TestInvoker.invokeTestMethods(Unknown Source)
	at org.testng.internal.invokers.TestMethodWorker.invokeTestMethods(Unknown Source)
	at org.testng.internal.invokers.TestMethodWorker.run(Unknown Source)
	at java.base/java.util.ArrayList.forEach(ArrayList.java:1541)
	at org.testng.TestRunner.a(Unknown Source)
	at org.testng.TestRunner.run(Unknown Source)
	at org.testng.SuiteRunner.a(Unknown Source)
	at org.testng.SuiteRunner.a(Unknown Source)
	at org.testng.SuiteRunner$SuiteWorker.run(Unknown Source)
	at org.testng.internal.thread.ThreadUtil.a(Unknown Source)
	at java.base/java.util.concurrent.FutureTask.run(FutureTask.java:264)
	at java.base/java.util.concurrent.ThreadPoolExecutor.runWorker(ThreadPoolExecutor.java:1128)
	at java.base/java.util.concurrent.ThreadPoolExecutor$Worker.run(ThreadPoolExecutor.java:628)
	at java.base/java.lang.Thread.run(Thread.java:834)
&amp#27;[0m
  &amp#27;[31mGiven &amp#27;[0m&amp#27;[31mUser launches the mobile application&amp#27;[0m                                                                                                       &amp#27;[90m# stepDefinitions.LoginPageStepDefinitions.user_launches_the_mobile_application()&amp#27;[0m
      &amp#27;[31mjava.lang.IllegalArgumentException: Multiple entries with same key: appium:app=bs://sample.app and appium:app=bs://c0f7fb58da2572be3153c560f9e6e13efa1dfc2d
	at com.google.common.collect.ImmutableMap.a(Unknown Source)
	at com.google.common.collect.ImmutableMap.a(Unknown Source)
	at com.google.common.collect.RegularImmutableMap.a(Unknown Source)
	at com.google.common.collect.RegularImmutableMap.b(Unknown Source)
	at com.google.common.collect.RegularImmutableMap.a(Unknown Source)
	at com.google.common.collect.ImmutableMap$Builder.a(Unknown Source)
	at com.google.common.collect.ImmutableMap$Builder.buildOrThrow(Unknown Source)
	at com.google.common.collect.ImmutableMap$Builder.build(Unknown Source)
	at java.base/java.util.stream.ReferencePipeline.collect(ReferencePipeline.java:582)
	at io.appium.java_client.remote.AppiumNewSessionCommandPayload.makeW3CSafe(AppiumNewSessionCommandPayload.java:40)
	at io.appium.java_client.remote.AppiumNewSessionCommandPayload.<init>(AppiumNewSessionCommandPayload.java:54)
	at io.appium.java_client.AppiumDriver.startSession(AppiumDriver.java:274)
	at org.openqa.selenium.remote.RemoteWebDriver.<init>(RemoteWebDriver.java:163)
	at io.appium.java_client.AppiumDriver.<init>(AppiumDriver.java:89)
	at io.appium.java_client.AppiumDriver.<init>(AppiumDriver.java:101)
	at io.appium.java_client.ios.IOSDriver.<init>(IOSDriver.java:104)
	at utils.TestBase.setup(TestBase.java:40)
	at utils.TestContextSetup.<init>(TestContextSetup.java:19)
	at java.base/jdk.internal.reflect.NativeConstructorAccessorImpl.newInstance0(Native Method)
	at java.base/jdk.internal.reflect.NativeConstructorAccessorImpl.newInstance(NativeConstructorAccessorImpl.java:62)
	at java.base/jdk.internal.reflect.DelegatingConstructorAccessorImpl.newInstance(DelegatingConstructorAccessorImpl.java:45)
	at java.base/java.lang.reflect.Constructor.newInstance(Constructor.java:490)
	at org.picocontainer.injectors.AbstractInjector.newInstance(AbstractInjector.java:145)
	at org.picocontainer.injectors.ConstructorInjector$1.run(ConstructorInjector.java:342)
	at org.picocontainer.injectors.AbstractInjector$ThreadLocalCyclicDependencyGuard.observe(AbstractInjector.java:270)
	at org.picocontainer.injectors.ConstructorInjector.getComponentInstance(ConstructorInjector.java:364)
	at org.picocontainer.injectors.AbstractInjectionFactory$LifecycleAdapter.getComponentInstance(AbstractInjectionFactory.java:56)
	at org.picocontainer.behaviors.AbstractBehavior.getComponentInstance(AbstractBehavior.java:64)
	at org.picocontainer.behaviors.Stored.getComponentInstance(Stored.java:91)
	at org.picocontainer.DefaultPicoContainer.getInstance(DefaultPicoContainer.java:699)
	at org.picocontainer.DefaultPicoContainer.getComponent(DefaultPicoContainer.java:647)
	at org.picocontainer.DefaultPicoContainer.getComponent(DefaultPicoContainer.java:632)
	at org.picocontainer.parameters.BasicComponentParameter$1.resolveInstance(BasicComponentParameter.java:118)
	at org.picocontainer.parameters.ComponentParameter$1.resolveInstance(ComponentParameter.java:136)
	at org.picocontainer.injectors.SingleMemberInjector.getParameter(SingleMemberInjector.java:78)
	at org.picocontainer.injectors.ConstructorInjector$CtorAndAdapters.getParameterArguments(ConstructorInjector.java:309)
	at org.picocontainer.injectors.ConstructorInjector$1.run(ConstructorInjector.java:335)
	at org.picocontainer.injectors.AbstractInjector$ThreadLocalCyclicDependencyGuard.observe(AbstractInjector.java:270)
	at org.picocontainer.injectors.ConstructorInjector.getComponentInstance(ConstructorInjector.java:364)
	at org.picocontainer.injectors.AbstractInjectionFactory$LifecycleAdapter.getComponentInstance(AbstractInjectionFactory.java:56)
	at org.picocontainer.behaviors.AbstractBehavior.getComponentInstance(AbstractBehavior.java:64)
	at org.picocontainer.behaviors.Stored.getComponentInstance(Stored.java:91)
	at org.picocontainer.DefaultPicoContainer.getInstance(DefaultPicoContainer.java:699)
	at org.picocontainer.DefaultPicoContainer.getComponent(DefaultPicoContainer.java:647)
	at org.picocontainer.DefaultPicoContainer.getComponent(DefaultPicoContainer.java:678)
	at io.cucumber.picocontainer.PicoFactory.getInstance(PicoFactory.java:64)
	at io.cucumber.java.AbstractGlueDefinition.invokeMethod(AbstractGlueDefinition.java:47)
	at io.cucumber.java.JavaStepDefinition.execute(JavaStepDefinition.java:29)
	at io.cucumber.core.runner.CoreStepDefinition.execute(CoreStepDefinition.java:66)
	at io.cucumber.core.runner.PickleStepDefinitionMatch.runStep(PickleStepDefinitionMatch.java:63)
	at io.cucumber.core.runner.ExecutionMode$1.execute(ExecutionMode.java:10)
	at io.cucumber.core.runner.TestStep.executeStep(TestStep.java:84)
	at io.cucumber.core.runner.TestStep.run(TestStep.java:56)
	at io.cucumber.core.runner.PickleStepTestStep.run(PickleStepTestStep.java:51)
	at io.cucumber.core.runner.TestCase.run(TestCase.java:84)
	at io.cucumber.core.runner.Runner.runPickle(Runner.java:75)
	at io.cucumber.testng.TestNGCucumberRunner.lambda$runScenario$1(TestNGCucumberRunner.java:132)
	at io.cucumber.core.runtime.CucumberExecutionContext.lambda$runTestCase$5(CucumberExecutionContext.java:137)
	at io.cucumber.core.runtime.RethrowingThrowableCollector.executeAndThrow(RethrowingThrowableCollector.java:23)
	at io.cucumber.core.runtime.CucumberExecutionContext.runTestCase(CucumberExecutionContext.java:137)
	at io.cucumber.testng.TestNGCucumberRunner.runScenario(TestNGCucumberRunner.java:129)
	at io.cucumber.testng.AbstractTestNGCucumberTests.runScenario(AbstractTestNGCucumberTests.java:35)
	at java.base/jdk.internal.reflect.NativeMethodAccessorImpl.invoke0(Native Method)
	at java.base/jdk.internal.reflect.NativeMethodAccessorImpl.invoke(NativeMethodAccessorImpl.java:62)
	at java.base/jdk.internal.reflect.DelegatingMethodAccessorImpl.invoke(DelegatingMethodAccessorImpl.java:43)
	at java.base/java.lang.reflect.Method.invoke(Method.java:566)
	at org.testng.internal.invokers.MethodInvocationHelper.invokeMethod(Unknown Source)
	at org.testng.internal.invokers.TestInvoker.a(Unknown Source)
	at org.testng.internal.invokers.TestInvoker.invokeTestMethod(Unknown Source)
	at org.testng.internal.invokers.MethodRunner.runInSequence(Unknown Source)
	at org.testng.internal.invokers.TestInvoker$MethodInvocationAgent.a(Unknown Source)
	at org.testng.internal.invokers.TestInvoker.invokeTestMethods(Unknown Source)
	at org.testng.internal.invokers.TestMethodWorker.invokeTestMethods(Unknown Source)
	at org.testng.internal.invokers.TestMethodWorker.run(Unknown Source)
	at java.base/java.util.ArrayList.forEach(ArrayList.java:1541)
	at org.testng.TestRunner.a(Unknown Source)
	at org.testng.TestRunner.run(Unknown Source)
	at org.testng.SuiteRunner.a(Unknown Source)
	at org.testng.SuiteRunner.a(Unknown Source)
	at org.testng.SuiteRunner$SuiteWorker.run(Unknown Source)
	at org.testng.internal.thread.ThreadUtil.a(Unknown Source)
	at java.base/java.util.concurrent.FutureTask.run(FutureTask.java:264)
	at java.base/java.util.concurrent.ThreadPoolExecutor.runWorker(ThreadPoolExecutor.java:1128)
	at java.base/java.util.concurrent.ThreadPoolExecutor$Worker.run(ThreadPoolExecutor.java:628)
	at java.base/java.lang.Thread.run(Thread.java:834)
&amp#27;[0m
      &amp#27;[31mjava.lang.IllegalArgumentException: Multiple entries with same key: appium:app=bs://sample.app and appium:app=bs://c0f7fb58da2572be3153c560f9e6e13efa1dfc2d
	at com.google.common.collect.ImmutableMap.a(Unknown Source)
	at com.google.common.collect.ImmutableMap.a(Unknown Source)
	at com.google.common.collect.RegularImmutableMap.a(Unknown Source)
	at com.google.common.collect.RegularImmutableMap.b(Unknown Source)
	at com.google.common.collect.RegularImmutableMap.a(Unknown Source)
	at com.google.common.collect.ImmutableMap$Builder.a(Unknown Source)
	at com.google.common.collect.ImmutableMap$Builder.buildOrThrow(Unknown Source)
	at com.google.common.collect.ImmutableMap$Builder.build(Unknown Source)
	at java.base/java.util.stream.ReferencePipeline.collect(ReferencePipeline.java:582)
	at io.appium.java_client.remote.AppiumNewSessionCommandPayload.makeW3CSafe(AppiumNewSessionCommandPayload.java:40)
	at io.appium.java_client.remote.AppiumNewSessionCommandPayload.<init>(AppiumNewSessionCommandPayload.java:54)
	at io.appium.java_client.AppiumDriver.startSession(AppiumDriver.java:274)
	at org.openqa.selenium.remote.RemoteWebDriver.<init>(RemoteWebDriver.java:163)
	at io.appium.java_client.AppiumDriver.<init>(AppiumDriver.java:89)
	at io.appium.java_client.AppiumDriver.<init>(AppiumDriver.java:101)
	at io.appium.java_client.ios.IOSDriver.<init>(IOSDriver.java:104)
	at utils.TestBase.setup(TestBase.java:40)
	at utils.TestContextSetup.<init>(TestContextSetup.java:19)
	at java.base/jdk.internal.reflect.NativeConstructorAccessorImpl.newInstance0(Native Method)
	at java.base/jdk.internal.reflect.NativeConstructorAccessorImpl.newInstance(NativeConstructorAccessorImpl.java:62)
	at java.base/jdk.internal.reflect.DelegatingConstructorAccessorImpl.newInstance(DelegatingConstructorAccessorImpl.java:45)
	at java.base/java.lang.reflect.Constructor.newInstance(Constructor.java:490)
	at org.picocontainer.injectors.AbstractInjector.newInstance(AbstractInjector.java:145)
	at org.picocontainer.injectors.ConstructorInjector$1.run(ConstructorInjector.java:342)
	at org.picocontainer.injectors.AbstractInjector$ThreadLocalCyclicDependencyGuard.observe(AbstractInjector.java:270)
	at org.picocontainer.injectors.ConstructorInjector.getComponentInstance(ConstructorInjector.java:364)
	at org.picocontainer.injectors.AbstractInjectionFactory$LifecycleAdapter.getComponentInstance(AbstractInjectionFactory.java:56)
	at org.picocontainer.behaviors.AbstractBehavior.getComponentInstance(AbstractBehavior.java:64)
	at org.picocontainer.behaviors.Stored.getComponentInstance(Stored.java:91)
	at org.picocontainer.DefaultPicoContainer.getInstance(DefaultPicoContainer.java:699)
	at org.picocontainer.DefaultPicoContainer.getComponent(DefaultPicoContainer.java:647)
	at org.picocontainer.DefaultPicoContainer.getComponent(DefaultPicoContainer.java:632)
	at org.picocontainer.parameters.BasicComponentParameter$1.resolveInstance(BasicComponentParameter.java:118)
	at org.picocontainer.parameters.ComponentParameter$1.resolveInstance(ComponentParameter.java:136)
	at org.picocontainer.injectors.SingleMemberInjector.getParameter(SingleMemberInjector.java:78)
	at org.picocontainer.injectors.ConstructorInjector$CtorAndAdapters.getParameterArguments(ConstructorInjector.java:309)
	at org.picocontainer.injectors.ConstructorInjector$1.run(ConstructorInjector.java:335)
	at org.picocontainer.injectors.AbstractInjector$ThreadLocalCyclicDependencyGuard.observe(AbstractInjector.java:270)
	at org.picocontainer.injectors.ConstructorInjector.getComponentInstance(ConstructorInjector.java:364)
	at org.picocontainer.injectors.AbstractInjectionFactory$LifecycleAdapter.getComponentInstance(AbstractInjectionFactory.java:56)
	at org.picocontainer.behaviors.AbstractBehavior.getComponentInstance(AbstractBehavior.java:64)
	at org.picocontainer.behaviors.Stored.getComponentInstance(Stored.java:91)
	at org.picocontainer.DefaultPicoContainer.getInstance(DefaultPicoContainer.java:699)
	at org.picocontainer.DefaultPicoContainer.getComponent(DefaultPicoContainer.java:647)
	at org.picocontainer.DefaultPicoContainer.getComponent(DefaultPicoContainer.java:678)
	at io.cucumber.picocontainer.PicoFactory.getInstance(PicoFactory.java:64)
	at io.cucumber.java.AbstractGlueDefinition.invokeMethod(AbstractGlueDefinition.java:47)
	at io.cucumber.java.JavaHookDefinition.execute(JavaHookDefinition.java:64)
	at io.cucumber.core.runner.CoreHookDefinition.execute(CoreHookDefinition.java:46)
	at io.cucumber.core.runner.HookDefinitionMatch.runStep(HookDefinitionMatch.java:21)
	at io.cucumber.core.runner.ExecutionMode$1.execute(ExecutionMode.java:10)
	at io.cucumber.core.runner.TestStep.executeStep(TestStep.java:84)
	at io.cucumber.core.runner.TestStep.run(TestStep.java:56)
	at io.cucumber.core.runner.PickleStepTestStep.run(PickleStepTestStep.java:56)
	at io.cucumber.core.runner.TestCase.run(TestCase.java:84)
	at io.cucumber.core.runner.Runner.runPickle(Runner.java:75)
	at io.cucumber.testng.TestNGCucumberRunner.lambda$runScenario$1(TestNGCucumberRunner.java:132)
	at io.cucumber.core.runtime.CucumberExecutionContext.lambda$runTestCase$5(CucumberExecutionContext.java:137)
	at io.cucumber.core.runtime.RethrowingThrowableCollector.executeAndThrow(RethrowingThrowableCollector.java:23)
	at io.cucumber.core.runtime.CucumberExecutionContext.runTestCase(CucumberExecutionContext.java:137)
	at io.cucumber.testng.TestNGCucumberRunner.runScenario(TestNGCucumberRunner.java:129)
	at io.cucumber.testng.AbstractTestNGCucumberTests.runScenario(AbstractTestNGCucumberTests.java:35)
	at java.base/jdk.internal.reflect.NativeMethodAccessorImpl.invoke0(Native Method)
	at java.base/jdk.internal.reflect.NativeMethodAccessorImpl.invoke(NativeMethodAccessorImpl.java:62)
	at java.base/jdk.internal.reflect.DelegatingMethodAccessorImpl.invoke(DelegatingMethodAccessorImpl.java:43)
	at java.base/java.lang.reflect.Method.invoke(Method.java:566)
	at org.testng.internal.invokers.MethodInvocationHelper.invokeMethod(Unknown Source)
	at org.testng.internal.invokers.TestInvoker.a(Unknown Source)
	at org.testng.internal.invokers.TestInvoker.invokeTestMethod(Unknown Source)
	at org.testng.internal.invokers.MethodRunner.runInSequence(Unknown Source)
	at org.testng.internal.invokers.TestInvoker$MethodInvocationAgent.a(Unknown Source)
	at org.testng.internal.invokers.TestInvoker.invokeTestMethods(Unknown Source)
	at org.testng.internal.invokers.TestMethodWorker.invokeTestMethods(Unknown Source)
	at org.testng.internal.invokers.TestMethodWorker.run(Unknown Source)
	at java.base/java.util.ArrayList.forEach(ArrayList.java:1541)
	at org.testng.TestRunner.a(Unknown Source)
	at org.testng.TestRunner.run(Unknown Source)
	at org.testng.SuiteRunner.a(Unknown Source)
	at org.testng.SuiteRunner.a(Unknown Source)
	at org.testng.SuiteRunner$SuiteWorker.run(Unknown Source)
	at org.testng.internal.thread.ThreadUtil.a(Unknown Source)
	at java.base/java.util.concurrent.FutureTask.run(FutureTask.java:264)
	at java.base/java.util.concurrent.ThreadPoolExecutor.runWorker(ThreadPoolExecutor.java:1128)
	at java.base/java.util.concurrent.ThreadPoolExecutor$Worker.run(ThreadPoolExecutor.java:628)
	at java.base/java.lang.Thread.run(Thread.java:834)
&amp#27;[0m
      &amp#27;[31mjava.lang.IllegalArgumentException: Multiple entries with same key: appium:app=bs://sample.app and appium:app=bs://c0f7fb58da2572be3153c560f9e6e13efa1dfc2d
	at com.google.common.collect.ImmutableMap.a(Unknown Source)
	at com.google.common.collect.ImmutableMap.a(Unknown Source)
	at com.google.common.collect.RegularImmutableMap.a(Unknown Source)
	at com.google.common.collect.RegularImmutableMap.b(Unknown Source)
	at com.google.common.collect.RegularImmutableMap.a(Unknown Source)
	at com.google.common.collect.ImmutableMap$Builder.a(Unknown Source)
	at com.google.common.collect.ImmutableMap$Builder.buildOrThrow(Unknown Source)
	at com.google.common.collect.ImmutableMap$Builder.build(Unknown Source)
	at java.base/java.util.stream.ReferencePipeline.collect(ReferencePipeline.java:582)
	at io.appium.java_client.remote.AppiumNewSessionCommandPayload.makeW3CSafe(AppiumNewSessionCommandPayload.java:40)
	at io.appium.java_client.remote.AppiumNewSessionCommandPayload.<init>(AppiumNewSessionCommandPayload.java:54)
	at io.appium.java_client.AppiumDriver.startSession(AppiumDriver.java:274)
	at org.openqa.selenium.remote.RemoteWebDriver.<init>(RemoteWebDriver.java:163)
	at io.appium.java_client.AppiumDriver.<init>(AppiumDriver.java:89)
	at io.appium.java_client.AppiumDriver.<init>(AppiumDriver.java:101)
	at io.appium.java_client.ios.IOSDriver.<init>(IOSDriver.java:104)
	at utils.TestBase.setup(TestBase.java:40)
	at utils.TestContextSetup.<init>(TestContextSetup.java:19)
	at java.base/jdk.internal.reflect.NativeConstructorAccessorImpl.newInstance0(Native Method)
	at java.base/jdk.internal.reflect.NativeConstructorAccessorImpl.newInstance(NativeConstructorAccessorImpl.java:62)
	at java.base/jdk.internal.reflect.DelegatingConstructorAccessorImpl.newInstance(DelegatingConstructorAccessorImpl.java:45)
	at java.base/java.lang.reflect.Constructor.newInstance(Constructor.java:490)
	at org.picocontainer.injectors.AbstractInjector.newInstance(AbstractInjector.java:145)
	at org.picocontainer.injectors.ConstructorInjector$1.run(ConstructorInjector.java:342)
	at org.picocontainer.injectors.AbstractInjector$ThreadLocalCyclicDependencyGuard.observe(AbstractInjector.java:270)
	at org.picocontainer.injectors.ConstructorInjector.getComponentInstance(ConstructorInjector.java:364)
	at org.picocontainer.injectors.AbstractInjectionFactory$LifecycleAdapter.getComponentInstance(AbstractInjectionFactory.java:56)
	at org.picocontainer.behaviors.AbstractBehavior.getComponentInstance(AbstractBehavior.java:64)
	at org.picocontainer.behaviors.Stored.getComponentInstance(Stored.java:91)
	at org.picocontainer.DefaultPicoContainer.getInstance(DefaultPicoContainer.java:699)
	at org.picocontainer.DefaultPicoContainer.getComponent(DefaultPicoContainer.java:647)
	at org.picocontainer.DefaultPicoContainer.getComponent(DefaultPicoContainer.java:632)
	at org.picocontainer.parameters.BasicComponentParameter$1.resolveInstance(BasicComponentParameter.java:118)
	at org.picocontainer.parameters.ComponentParameter$1.resolveInstance(ComponentParameter.java:136)
	at org.picocontainer.injectors.SingleMemberInjector.getParameter(SingleMemberInjector.java:78)
	at org.picocontainer.injectors.ConstructorInjector$CtorAndAdapters.getParameterArguments(ConstructorInjector.java:309)
	at org.picocontainer.injectors.ConstructorInjector$1.run(ConstructorInjector.java:335)
	at org.picocontainer.injectors.AbstractInjector$ThreadLocalCyclicDependencyGuard.observe(AbstractInjector.java:270)
	at org.picocontainer.injectors.ConstructorInjector.getComponentInstance(ConstructorInjector.java:364)
	at org.picocontainer.injectors.AbstractInjectionFactory$LifecycleAdapter.getComponentInstance(AbstractInjectionFactory.java:56)
	at org.picocontainer.behaviors.AbstractBehavior.getComponentInstance(AbstractBehavior.java:64)
	at org.picocontainer.behaviors.Stored.getComponentInstance(Stored.java:91)
	at org.picocontainer.DefaultPicoContainer.getInstance(DefaultPicoContainer.java:699)
	at org.picocontainer.DefaultPicoContainer.getComponent(DefaultPicoContainer.java:647)
	at org.picocontainer.DefaultPicoContainer.getComponent(DefaultPicoContainer.java:678)
	at io.cucumber.picocontainer.PicoFactory.getInstance(PicoFactory.java:64)
	at io.cucumber.java.AbstractGlueDefinition.invokeMethod(AbstractGlueDefinition.java:47)
	at io.cucumber.java.JavaHookDefinition.execute(JavaHookDefinition.java:64)
	at io.cucumber.core.runner.CoreHookDefinition.execute(CoreHookDefinition.java:46)
	at io.cucumber.core.runner.HookDefinitionMatch.runStep(HookDefinitionMatch.java:21)
	at io.cucumber.core.runner.ExecutionMode$1.execute(ExecutionMode.java:10)
	at io.cucumber.core.runner.TestStep.executeStep(TestStep.java:84)
	at io.cucumber.core.runner.TestStep.run(TestStep.java:56)
	at io.cucumber.core.runner.PickleStepTestStep.run(PickleStepTestStep.java:56)
	at io.cucumber.core.runner.TestCase.run(TestCase.java:84)
	at io.cucumber.core.runner.Runner.runPickle(Runner.java:75)
	at io.cucumber.testng.TestNGCucumberRunner.lambda$runScenario$1(TestNGCucumberRunner.java:132)
	at io.cucumber.core.runtime.CucumberExecutionContext.lambda$runTestCase$5(CucumberExecutionContext.java:137)
	at io.cucumber.core.runtime.RethrowingThrowableCollector.executeAndThrow(RethrowingThrowableCollector.java:23)
	at io.cucumber.core.runtime.CucumberExecutionContext.runTestCase(CucumberExecutionContext.java:137)
	at io.cucumber.testng.TestNGCucumberRunner.runScenario(TestNGCucumberRunner.java:129)
	at io.cucumber.testng.AbstractTestNGCucumberTests.runScenario(AbstractTestNGCucumberTests.java:35)
	at java.base/jdk.internal.reflect.NativeMethodAccessorImpl.invoke0(Native Method)
	at java.base/jdk.internal.reflect.NativeMethodAccessorImpl.invoke(NativeMethodAccessorImpl.java:62)
	at java.base/jdk.internal.reflect.DelegatingMethodAccessorImpl.invoke(DelegatingMethodAccessorImpl.java:43)
	at java.base/java.lang.reflect.Method.invoke(Method.java:566)
	at org.testng.internal.invokers.MethodInvocationHelper.invokeMethod(Unknown Source)
	at org.testng.internal.invokers.TestInvoker.a(Unknown Source)
	at org.testng.internal.invokers.TestInvoker.invokeTestMethod(Unknown Source)
	at org.testng.internal.invokers.MethodRunner.runInSequence(Unknown Source)
	at org.testng.internal.invokers.TestInvoker$MethodInvocationAgent.a(Unknown Source)
	at org.testng.internal.invokers.TestInvoker.invokeTestMethods(Unknown Source)
	at org.testng.internal.invokers.TestMethodWorker.invokeTestMethods(Unknown Source)
	at org.testng.internal.invokers.TestMethodWorker.run(Unknown Source)
	at java.base/java.util.ArrayList.forEach(ArrayList.java:1541)
	at org.testng.TestRunner.a(Unknown Source)
	at org.testng.TestRunner.run(Unknown Source)
	at org.testng.SuiteRunner.a(Unknown Source)
	at org.testng.SuiteRunner.a(Unknown Source)
	at org.testng.SuiteRunner$SuiteWorker.run(Unknown Source)
	at org.testng.internal.thread.ThreadUtil.a(Unknown Source)
	at java.base/java.util.concurrent.FutureTask.run(FutureTask.java:264)
	at java.base/java.util.concurrent.ThreadPoolExecutor.runWorker(ThreadPoolExecutor.java:1128)
	at java.base/java.util.concurrent.ThreadPoolExecutor$Worker.run(ThreadPoolExecutor.java:628)
	at java.base/java.lang.Thread.run(Thread.java:834)
&amp#27;[0m
  &amp#27;[36mWhen &amp#27;[0m&amp#27;[36mUser logs in with username &amp#27;[0m&amp#27;[36m&amp#27;[1m"rajyalakshmi724@gmail.com"&amp#27;[0m&amp#27;[36m and password &amp#27;[0m&amp#27;[36m&amp#27;[1m"Amma@31348286"&amp#27;[0m                                                         &amp#27;[90m# stepDefinitions.LoginPageStepDefinitions.user_logs_in_with_username_and_password(java.lang.String,java.lang.String)&amp#27;[0m
  &amp#27;[36mWhen &amp#27;[0m&amp#27;[36mUser logs in with username &amp#27;[0m&amp#27;[36m&amp#27;[1m"rajyalakshmi724@gmail.com"&amp#27;[0m&amp#27;[36m and password &amp#27;[0m&amp#27;[36m&amp#27;[1m"Amma@31348286"&amp#27;[0m                                                         &amp#27;[90m# stepDefinitions.LoginPageStepDefinitions.user_logs_in_with_username_and_password(java.lang.String,java.lang.String)&amp#27;[0m
      &amp#27;[31mjava.lang.IllegalArgumentException: Multiple entries with same key: appium:app=bs://sample.app and appium:app=bs://c0f7fb58da2572be3153c560f9e6e13efa1dfc2d
	at com.google.common.collect.ImmutableMap.a(Unknown Source)
	at com.google.common.collect.ImmutableMap.a(Unknown Source)
	at com.google.common.collect.RegularImmutableMap.a(Unknown Source)
	at com.google.common.collect.RegularImmutableMap.b(Unknown Source)
	at com.google.common.collect.RegularImmutableMap.a(Unknown Source)
	at com.google.common.collect.ImmutableMap$Builder.a(Unknown Source)
	at com.google.common.collect.ImmutableMap$Builder.buildOrThrow(Unknown Source)
	at com.google.common.collect.ImmutableMap$Builder.build(Unknown Source)
	at java.base/java.util.stream.ReferencePipeline.collect(ReferencePipeline.java:582)
	at io.appium.java_client.remote.AppiumNewSessionCommandPayload.makeW3CSafe(AppiumNewSessionCommandPayload.java:40)
	at io.appium.java_client.remote.AppiumNewSessionCommandPayload.<init>(AppiumNewSessionCommandPayload.java:54)
	at io.appium.java_client.AppiumDriver.startSession(AppiumDriver.java:274)
	at org.openqa.selenium.remote.RemoteWebDriver.<init>(RemoteWebDriver.java:163)
	at io.appium.java_client.AppiumDriver.<init>(AppiumDriver.java:89)
	at io.appium.java_client.AppiumDriver.<init>(AppiumDriver.java:101)
	at io.appium.java_client.ios.IOSDriver.<init>(IOSDriver.java:104)
	at utils.TestBase.setup(TestBase.java:40)
	at utils.TestContextSetup.<init>(TestContextSetup.java:19)
	at java.base/jdk.internal.reflect.NativeConstructorAccessorImpl.newInstance0(Native Method)
	at java.base/jdk.internal.reflect.NativeConstructorAccessorImpl.newInstance(NativeConstructorAccessorImpl.java:62)
	at java.base/jdk.internal.reflect.DelegatingConstructorAccessorImpl.newInstance(DelegatingConstructorAccessorImpl.java:45)
	at java.base/java.lang.reflect.Constructor.newInstance(Constructor.java:490)
	at org.picocontainer.injectors.AbstractInjector.newInstance(AbstractInjector.java:145)
	at org.picocontainer.injectors.ConstructorInjector$1.run(ConstructorInjector.java:342)
	at org.picocontainer.injectors.AbstractInjector$ThreadLocalCyclicDependencyGuard.observe(AbstractInjector.java:270)
	at org.picocontainer.injectors.ConstructorInjector.getComponentInstance(ConstructorInjector.java:364)
	at org.picocontainer.injectors.AbstractInjectionFactory$LifecycleAdapter.getComponentInstance(AbstractInjectionFactory.java:56)
	at org.picocontainer.behaviors.AbstractBehavior.getComponentInstance(AbstractBehavior.java:64)
	at org.picocontainer.behaviors.Stored.getComponentInstance(Stored.java:91)
	at org.picocontainer.DefaultPicoContainer.getInstance(DefaultPicoContainer.java:699)
	at org.picocontainer.DefaultPicoContainer.getComponent(DefaultPicoContainer.java:647)
	at org.picocontainer.DefaultPicoContainer.getComponent(DefaultPicoContainer.java:632)
	at org.picocontainer.parameters.BasicComponentParameter$1.resolveInstance(BasicComponentParameter.java:118)
	at org.picocontainer.parameters.ComponentParameter$1.resolveInstance(ComponentParameter.java:136)
	at org.picocontainer.injectors.SingleMemberInjector.getParameter(SingleMemberInjector.java:78)
	at org.picocontainer.injectors.ConstructorInjector$CtorAndAdapters.getParameterArguments(ConstructorInjector.java:309)
	at org.picocontainer.injectors.ConstructorInjector$1.run(ConstructorInjector.java:335)
	at org.picocontainer.injectors.AbstractInjector$ThreadLocalCyclicDependencyGuard.observe(AbstractInjector.java:270)
	at org.picocontainer.injectors.ConstructorInjector.getComponentInstance(ConstructorInjector.java:364)
	at org.picocontainer.injectors.AbstractInjectionFactory$LifecycleAdapter.getComponentInstance(AbstractInjectionFactory.java:56)
	at org.picocontainer.behaviors.AbstractBehavior.getComponentInstance(AbstractBehavior.java:64)
	at org.picocontainer.behaviors.Stored.getComponentInstance(Stored.java:91)
	at org.picocontainer.DefaultPicoContainer.getInstance(DefaultPicoContainer.java:699)
	at org.picocontainer.DefaultPicoContainer.getComponent(DefaultPicoContainer.java:647)
	at org.picocontainer.DefaultPicoContainer.getComponent(DefaultPicoContainer.java:678)
	at io.cucumber.picocontainer.PicoFactory.getInstance(PicoFactory.java:64)
	at io.cucumber.java.AbstractGlueDefinition.invokeMethod(AbstractGlueDefinition.java:47)
	at io.cucumber.java.JavaHookDefinition.execute(JavaHookDefinition.java:64)
	at io.cucumber.core.runner.CoreHookDefinition.execute(CoreHookDefinition.java:46)
	at io.cucumber.core.runner.HookDefinitionMatch.runStep(HookDefinitionMatch.java:21)
	at io.cucumber.core.runner.ExecutionMode$1.execute(ExecutionMode.java:10)
	at io.cucumber.core.runner.TestStep.executeStep(TestStep.java:84)
	at io.cucumber.core.runner.TestStep.run(TestStep.java:56)
	at io.cucumber.core.runner.PickleStepTestStep.run(PickleStepTestStep.java:56)
	at io.cucumber.core.runner.TestCase.run(TestCase.java:84)
	at io.cucumber.core.runner.Runner.runPickle(Runner.java:75)
	at io.cucumber.testng.TestNGCucumberRunner.lambda$runScenario$1(TestNGCucumberRunner.java:132)
	at io.cucumber.core.runtime.CucumberExecutionContext.lambda$runTestCase$5(CucumberExecutionContext.java:137)
	at io.cucumber.core.runtime.RethrowingThrowableCollector.executeAndThrow(RethrowingThrowableCollector.java:23)
	at io.cucumber.core.runtime.CucumberExecutionContext.runTestCase(CucumberExecutionContext.java:137)
	at io.cucumber.testng.TestNGCucumberRunner.runScenario(TestNGCucumberRunner.java:129)
	at io.cucumber.testng.AbstractTestNGCucumberTests.runScenario(AbstractTestNGCucumberTests.java:35)
	at java.base/jdk.internal.reflect.NativeMethodAccessorImpl.invoke0(Native Method)
	at java.base/jdk.internal.reflect.NativeMethodAccessorImpl.invoke(NativeMethodAccessorImpl.java:62)
	at java.base/jdk.internal.reflect.DelegatingMethodAccessorImpl.invoke(DelegatingMethodAccessorImpl.java:43)
	at java.base/java.lang.reflect.Method.invoke(Method.java:566)
	at org.testng.internal.invokers.MethodInvocationHelper.invokeMethod(Unknown Source)
	at org.testng.internal.invokers.TestInvoker.a(Unknown Source)
	at org.testng.internal.invokers.TestInvoker.invokeTestMethod(Unknown Source)
	at org.testng.internal.invokers.MethodRunner.runInSequence(Unknown Source)
	at org.testng.internal.invokers.TestInvoker$MethodInvocationAgent.a(Unknown Source)
	at org.testng.internal.invokers.TestInvoker.invokeTestMethods(Unknown Source)
	at org.testng.internal.invokers.TestMethodWorker.invokeTestMethods(Unknown Source)
	at org.testng.internal.invokers.TestMethodWorker.run(Unknown Source)
	at java.base/java.util.ArrayList.forEach(ArrayList.java:1541)
	at org.testng.TestRunner.a(Unknown Source)
	at org.testng.TestRunner.run(Unknown Source)
	at org.testng.SuiteRunner.a(Unknown Source)
	at org.testng.SuiteRunner.a(Unknown Source)
	at org.testng.SuiteRunner$SuiteWorker.run(Unknown Source)
	at org.testng.internal.thread.ThreadUtil.a(Unknown Source)
	at java.base/java.util.concurrent.FutureTask.run(FutureTask.java:264)
	at java.base/java.util.concurrent.ThreadPoolExecutor.runWorker(ThreadPoolExecutor.java:1128)
	at java.base/java.util.concurrent.ThreadPoolExecutor$Worker.run(ThreadPoolExecutor.java:628)
	at java.base/java.lang.Thread.run(Thread.java:834)
&amp#27;[0m
  &amp#27;[36mWhen &amp#27;[0m&amp#27;[36mUser logs in with username &amp#27;[0m&amp#27;[36m&amp#27;[1m"rajyalakshmi724@gmail.com"&amp#27;[0m&amp#27;[36m and password &amp#27;[0m&amp#27;[36m&amp#27;[1m"Amma@31348286"&amp#27;[0m                                                         &amp#27;[90m# stepDefinitions.LoginPageStepDefinitions.user_logs_in_with_username_and_password(java.lang.String,java.lang.String)&amp#27;[0m
  &amp#27;[36mThen &amp#27;[0m&amp#27;[36mUser should be able to login&amp#27;[0m                                                                                                                &amp#27;[90m# stepDefinitions.LoginPageStepDefinitions.user_should_be_able_to_login()&amp#27;[0m
  &amp#27;[36mThen &amp#27;[0m&amp#27;[36mUser should be able to login&amp#27;[0m                                                                                                                &amp#27;[90m# stepDefinitions.LoginPageStepDefinitions.user_should_be_able_to_login()&amp#27;[0m
  &amp#27;[36mThen &amp#27;[0m&amp#27;[36mUser clicks on the pre-planning icon in homepage&amp#27;[0m                                                                                            &amp#27;[90m# stepDefinitions.HomePageStepDefinitions.user_clicks_on_the_pre_planning_icon_in_homepage()&amp#27;[0m
  &amp#27;[36mThen &amp#27;[0m&amp#27;[36mUser should be able to login&amp#27;[0m                                                                                                                &amp#27;[90m# stepDefinitions.LoginPageStepDefinitions.user_should_be_able_to_login()&amp#27;[0m
  &amp#27;[36mThen &amp#27;[0m&amp#27;[36mUser clicks on the pre-planning icon in homepage&amp#27;[0m                                                                                            &amp#27;[90m# stepDefinitions.HomePageStepDefinitions.user_clicks_on_the_pre_planning_icon_in_homepage()&amp#27;[0m
  &amp#27;[36mAnd &amp#27;[0m&amp#27;[36mUser clicks on Frac Sequence Planning in menu tab&amp#27;[0m                                                                                            &amp#27;[90m# stepDefinitions.PrePlanningStepDefinitions.user_clicks_on_frac_sequence_planning_in_menu_tab()&amp#27;[0m
  &amp#27;[36mAnd &amp#27;[0m&amp#27;[36mUser clicks on Frac Sequence Planning in menu tab&amp#27;[0m                                                                                            &amp#27;[90m# stepDefinitions.PrePlanningStepDefinitions.user_clicks_on_frac_sequence_planning_in_menu_tab()&amp#27;[0m
  &amp#27;[36mThen &amp#27;[0m&amp#27;[36mUser clicks on the pre-planning icon in homepage&amp#27;[0m                                                                                            &amp#27;[90m# stepDefinitions.HomePageStepDefinitions.user_clicks_on_the_pre_planning_icon_in_homepage()&amp#27;[0m
  &amp#27;[36mThen &amp#27;[0m&amp#27;[36mCheck the error message is displayed if values given are &amp#27;[0m&amp#27;[36m&amp#27;[1m0.01&amp#27;[0m&amp#27;[36m, &amp#27;[0m&amp#27;[36m&amp#27;[1m0.09&amp#27;[0m&amp#27;[36m, &amp#27;[0m&amp#27;[36m&amp#27;[1m5.1&amp#27;[0m&amp#27;[36m and &amp#27;[0m&amp#27;[36m&amp#27;[1m9.1&amp#27;[0m&amp#27;[36m in Wireline Run time&amp#27;[0m                                       &amp#27;[90m# stepDefinitions.PrePlanningMenuPageStepDefinitions.check_the_error_message_is_displayed_if_values_given_are_and_in_wireline_run_time(java.lang.Double,java.lang.Double,java.lang.Double,java.lang.Double)&amp#27;[0m
  &amp#27;[36mThen &amp#27;[0m&amp#27;[36mCheck the error message is displayed if values given are &amp#27;[0m&amp#27;[36m&amp#27;[1m0.01&amp#27;[0m&amp#27;[36m, &amp#27;[0m&amp#27;[36m&amp#27;[1m0.09&amp#27;[0m&amp#27;[36m, &amp#27;[0m&amp#27;[36m&amp#27;[1m5.1&amp#27;[0m&amp#27;[36m and &amp#27;[0m&amp#27;[36m&amp#27;[1m9.1&amp#27;[0m&amp#27;[36m in Wireline Run time&amp#27;[0m                                       &amp#27;[90m# stepDefinitions.PrePlanningMenuPageStepDefinitions.check_the_error_message_is_displayed_if_values_given_are_and_in_wireline_run_time(java.lang.Double,java.lang.Double,java.lang.Double,java.lang.Double)&amp#27;[0m
  &amp#27;[36mAnd &amp#27;[0m&amp#27;[36mUser clicks on Frac Sequence Planning in menu tab&amp#27;[0m                                                                                            &amp#27;[90m# stepDefinitions.PrePlanningStepDefinitions.user_clicks_on_frac_sequence_planning_in_menu_tab()&amp#27;[0m
  &amp#27;[36mThen &amp#27;[0m&amp#27;[36mCheck the error message is displayed if values given are &amp#27;[0m&amp#27;[36m&amp#27;[1m0.01&amp#27;[0m&amp#27;[36m, &amp#27;[0m&amp#27;[36m&amp#27;[1m0.09&amp#27;[0m&amp#27;[36m, &amp#27;[0m&amp#27;[36m&amp#27;[1m5.1&amp#27;[0m&amp#27;[36m and &amp#27;[0m&amp#27;[36m&amp#27;[1m9.1&amp#27;[0m&amp#27;[36m in Wireline Run time&amp#27;[0m                                       &amp#27;[90m# stepDefinitions.PrePlanningMenuPageStepDefinitions.check_the_error_message_is_displayed_if_values_given_are_and_in_wireline_run_time(java.lang.Double,java.lang.Double,java.lang.Double,java.lang.Double)&amp#27;[0m
]]></system-out>
    <system-err><![CDATA[javassist.CannotCompileException: [source error] newPageImpl() not found in com.microsoft.playwright.impl.BrowserContextImpl
	at javassist.CtBehavior.a(Unknown Source)
	at javassist.CtBehavior.insertBefore(Unknown Source)
	at com.browserstack.DriverServiceTransformer.e(Unknown Source)
	at com.browserstack.DriverServiceTransformer.transform(Unknown Source)
	at java.instrument/java.lang.instrument.ClassFileTransformer.transform(ClassFileTransformer.java:246)
	at java.instrument/sun.instrument.TransformerManager.transform(TransformerManager.java:188)
	at java.instrument/sun.instrument.InstrumentationImpl.transform(InstrumentationImpl.java:563)
	at java.base/java.lang.ClassLoader.defineClass1(Native Method)
	at java.base/java.lang.ClassLoader.defineClass(ClassLoader.java:1016)
	at java.base/java.security.SecureClassLoader.defineClass(SecureClassLoader.java:174)
	at java.base/jdk.internal.loader.BuiltinClassLoader.defineClass(BuiltinClassLoader.java:800)
	at java.base/jdk.internal.loader.BuiltinClassLoader.findClassOnClassPathOrNull(BuiltinClassLoader.java:698)
	at java.base/jdk.internal.loader.BuiltinClassLoader.loadClassOrNull(BuiltinClassLoader.java:621)
	at java.base/jdk.internal.loader.BuiltinClassLoader.loadClass(BuiltinClassLoader.java:579)
	at java.base/jdk.internal.loader.ClassLoaders$AppClassLoader.loadClass(ClassLoaders.java:178)
	at java.base/java.lang.ClassLoader.loadClass(ClassLoader.java:521)
	at a.a.a.g.create(Unknown Source)
	at com.google.gson.Gson.getAdapter(Unknown Source)
	at com.google.gson.Gson.toJson(Unknown Source)
	at com.google.gson.Gson.toJson(Unknown Source)
	at com.google.gson.Gson.toJson(Unknown Source)
	at com.google.gson.Gson.toJson(Unknown Source)
	at com.browserstack.utils.ObservabilityUtilityMethods.getDestructuredDPParameters(Unknown Source)
	at com.browserstack.utils.ObservabilityUtilityMethods.populateTestDataForBSTestOps(Unknown Source)
	at com.browserstack.testNgListeners.TmpSuiteListener.onTestStart(Unknown Source)
	at org.testng.internal.TestListenerHelper.runTestListeners(Unknown Source)
	at org.testng.internal.invokers.TestInvoker.runTestResultListener(Unknown Source)
	at org.testng.internal.invokers.TestInvoker.a(Unknown Source)
	at org.testng.internal.invokers.TestInvoker.invokeTestMethod(Unknown Source)
	at org.testng.internal.invokers.MethodRunner.runInSequence(Unknown Source)
	at org.testng.internal.invokers.TestInvoker$MethodInvocationAgent.a(Unknown Source)
	at org.testng.internal.invokers.TestInvoker.invokeTestMethods(Unknown Source)
	at org.testng.internal.invokers.TestMethodWorker.invokeTestMethods(Unknown Source)
	at org.testng.internal.invokers.TestMethodWorker.run(Unknown Source)
	at java.base/java.util.ArrayList.forEach(ArrayList.java:1541)
	at org.testng.TestRunner.a(Unknown Source)
	at org.testng.TestRunner.run(Unknown Source)
	at org.testng.SuiteRunner.a(Unknown Source)
	at org.testng.SuiteRunner.a(Unknown Source)
	at org.testng.SuiteRunner$SuiteWorker.run(Unknown Source)
	at org.testng.internal.thread.ThreadUtil.a(Unknown Source)
	at java.base/java.util.concurrent.FutureTask.run(FutureTask.java:264)
	at java.base/java.util.concurrent.ThreadPoolExecutor.runWorker(ThreadPoolExecutor.java:1128)
	at java.base/java.util.concurrent.ThreadPoolExecutor$Worker.run(ThreadPoolExecutor.java:628)
	at java.base/java.lang.Thread.run(Thread.java:834)
Caused by: compile error: newPageImpl() not found in com.microsoft.playwright.impl.BrowserContextImpl
	at javassist.compiler.TypeChecker.atMethodCallCore(Unknown Source)
	at javassist.compiler.TypeChecker.atCallExpr(Unknown Source)
	at javassist.compiler.JvstTypeChecker.atCallExpr(Unknown Source)
	at javassist.compiler.ast.CallExpr.accept(Unknown Source)
	at javassist.compiler.TypeChecker.atCastExpr(Unknown Source)
	at javassist.compiler.JvstTypeChecker.atCastExpr(Unknown Source)
	at javassist.compiler.ast.CastExpr.accept(Unknown Source)
	at javassist.compiler.CodeGen.doTypeCheck(Unknown Source)
	at javassist.compiler.CodeGen.atDeclarator(Unknown Source)
	at javassist.compiler.ast.Declarator.accept(Unknown Source)
	at javassist.compiler.CodeGen.atStmnt(Unknown Source)
	at javassist.compiler.ast.Stmnt.accept(Unknown Source)
	at javassist.compiler.Javac.compileStmnt(Unknown Source)
	... 45 more
javassist.CannotCompileException: [source error] no such field: wsEndpoint
	at javassist.CtBehavior.a(Unknown Source)
	at javassist.CtBehavior.insertBefore(Unknown Source)
	at com.browserstack.DriverServiceTransformer.e(Unknown Source)
	at com.browserstack.DriverServiceTransformer.transform(Unknown Source)
	at java.instrument/java.lang.instrument.ClassFileTransformer.transform(ClassFileTransformer.java:246)
	at java.instrument/sun.instrument.TransformerManager.transform(TransformerManager.java:188)
	at java.instrument/sun.instrument.InstrumentationImpl.transform(InstrumentationImpl.java:563)
	at java.base/java.lang.ClassLoader.defineClass1(Native Method)
	at java.base/java.lang.ClassLoader.defineClass(ClassLoader.java:1016)
	at java.base/java.security.SecureClassLoader.defineClass(SecureClassLoader.java:174)
	at java.base/jdk.internal.loader.BuiltinClassLoader.defineClass(BuiltinClassLoader.java:800)
	at java.base/jdk.internal.loader.BuiltinClassLoader.findClassOnClassPathOrNull(BuiltinClassLoader.java:698)
	at java.base/jdk.internal.loader.BuiltinClassLoader.loadClassOrNull(BuiltinClassLoader.java:621)
	at java.base/jdk.internal.loader.BuiltinClassLoader.loadClass(BuiltinClassLoader.java:579)
	at java.base/jdk.internal.loader.ClassLoaders$AppClassLoader.loadClass(ClassLoaders.java:178)
	at java.base/java.lang.ClassLoader.loadClass(ClassLoader.java:521)
	at a.a.a.g.create(Unknown Source)
	at com.google.gson.Gson.getAdapter(Unknown Source)
	at com.google.gson.Gson.toJson(Unknown Source)
	at com.google.gson.Gson.toJson(Unknown Source)
	at com.google.gson.Gson.toJson(Unknown Source)
	at com.google.gson.Gson.toJson(Unknown Source)
	at com.browserstack.utils.ObservabilityUtilityMethods.getDestructuredDPParameters(Unknown Source)
	at com.browserstack.utils.ObservabilityUtilityMethods.populateTestDataForBSTestOps(Unknown Source)
	at com.browserstack.testNgListeners.TmpSuiteListener.onTestStart(Unknown Source)
	at org.testng.internal.TestListenerHelper.runTestListeners(Unknown Source)
	at org.testng.internal.invokers.TestInvoker.runTestResultListener(Unknown Source)
	at org.testng.internal.invokers.TestInvoker.a(Unknown Source)
	at org.testng.internal.invokers.TestInvoker.invokeTestMethod(Unknown Source)
	at org.testng.internal.invokers.MethodRunner.runInSequence(Unknown Source)
	at org.testng.internal.invokers.TestInvoker$MethodInvocationAgent.a(Unknown Source)
	at org.testng.internal.invokers.TestInvoker.invokeTestMethods(Unknown Source)
	at org.testng.internal.invokers.TestMethodWorker.invokeTestMethods(Unknown Source)
	at org.testng.internal.invokers.TestMethodWorker.run(Unknown Source)
	at java.base/java.util.ArrayList.forEach(ArrayList.java:1541)
	at org.testng.TestRunner.a(Unknown Source)
	at org.testng.TestRunner.run(Unknown Source)
	at org.testng.SuiteRunner.a(Unknown Source)
	at org.testng.SuiteRunner.a(Unknown Source)
	at org.testng.SuiteRunner$SuiteWorker.run(Unknown Source)
	at org.testng.internal.thread.ThreadUtil.a(Unknown Source)
	at java.base/java.util.concurrent.FutureTask.run(FutureTask.java:264)
	at java.base/java.util.concurrent.ThreadPoolExecutor.runWorker(ThreadPoolExecutor.java:1128)
	at java.base/java.util.concurrent.ThreadPoolExecutor$Worker.run(ThreadPoolExecutor.java:628)
	at java.base/java.lang.Thread.run(Thread.java:834)
Caused by: compile error: no such field: wsEndpoint
	at javassist.compiler.TypeChecker.fieldAccess(Unknown Source)
	at javassist.compiler.TypeChecker.atFieldAssign(Unknown Source)
	at javassist.compiler.JvstTypeChecker.atFieldAssign(Unknown Source)
	at javassist.compiler.TypeChecker.atAssignExpr(Unknown Source)
	at javassist.compiler.ast.AssignExpr.accept(Unknown Source)
	at javassist.compiler.CodeGen.doTypeCheck(Unknown Source)
	at javassist.compiler.CodeGen.atStmnt(Unknown Source)
	at javassist.compiler.ast.Stmnt.accept(Unknown Source)
	at javassist.compiler.Javac.compileStmnt(Unknown Source)
	... 45 more
]]></system-err>
  </testcase>
  <testcase name="runScenario" classname="cucumberOptions.TestNGTestRunner" time="0.281">
    <failure message="Multiple entries with same key: appium:app=bs://sample.app and appium:app=bs://c0f7fb58da2572be3153c560f9e6e13efa1dfc2d" type="java.lang.IllegalArgumentException">java.lang.IllegalArgumentException: Multiple entries with same key: appium:app=bs://sample.app and appium:app=bs://c0f7fb58da2572be3153c560f9e6e13efa1dfc2d
</failure>
  </testcase>
  <testcase name="runScenario" classname="cucumberOptions.TestNGTestRunner" time="0.001">
    <failure message="Multiple entries with same key: appium:app=bs://sample.app and appium:app=bs://c0f7fb58da2572be3153c560f9e6e13efa1dfc2d" type="java.lang.IllegalArgumentException">java.lang.IllegalArgumentException: Multiple entries with same key: appium:app=bs://sample.app and appium:app=bs://c0f7fb58da2572be3153c560f9e6e13efa1dfc2d
</failure>
  </testcase>
  <testcase name="runScenario" classname="cucumberOptions.TestNGTestRunner" time="7.782">
    <failure message="Multiple entries with same key: appium:app=bs://sample.app and appium:app=bs://c0f7fb58da2572be3153c560f9e6e13efa1dfc2d" type="java.lang.IllegalArgumentException">java.lang.IllegalArgumentException: Multiple entries with same key: appium:app=bs://sample.app and appium:app=bs://c0f7fb58da2572be3153c560f9e6e13efa1dfc2d
</failure>
    <system-out><![CDATA[
@US121942
Scenario: TC122297 Verify for  API Units (dec) – Range-->(MIN 0.1--> MAX 5.0) for Default value – 2.0(Wireline Run time, Stack Frac portion only Tab) &amp#27;[90m# src/test/java/features/US121942.feature:13&amp#27;[0m
  &amp#27;[31mGiven &amp#27;[0m&amp#27;[31mUser launches the mobile application&amp#27;[0m                                                                                                          &amp#27;[90m# stepDefinitions.LoginPageStepDefinitions.user_launches_the_mobile_application()&amp#27;[0m
      &amp#27;[31mjava.lang.IllegalArgumentException: Multiple entries with same key: appium:app=bs://sample.app and appium:app=bs://c0f7fb58da2572be3153c560f9e6e13efa1dfc2d
	at com.google.common.collect.ImmutableMap.a(Unknown Source)
	at com.google.common.collect.ImmutableMap.a(Unknown Source)
	at com.google.common.collect.RegularImmutableMap.a(Unknown Source)
	at com.google.common.collect.RegularImmutableMap.b(Unknown Source)
	at com.google.common.collect.RegularImmutableMap.a(Unknown Source)
	at com.google.common.collect.ImmutableMap$Builder.a(Unknown Source)
	at com.google.common.collect.ImmutableMap$Builder.buildOrThrow(Unknown Source)
	at com.google.common.collect.ImmutableMap$Builder.build(Unknown Source)
	at java.base/java.util.stream.ReferencePipeline.collect(ReferencePipeline.java:582)
	at io.appium.java_client.remote.AppiumNewSessionCommandPayload.makeW3CSafe(AppiumNewSessionCommandPayload.java:40)
	at io.appium.java_client.remote.AppiumNewSessionCommandPayload.<init>(AppiumNewSessionCommandPayload.java:54)
	at io.appium.java_client.AppiumDriver.startSession(AppiumDriver.java:274)
	at org.openqa.selenium.remote.RemoteWebDriver.<init>(RemoteWebDriver.java:163)
	at io.appium.java_client.AppiumDriver.<init>(AppiumDriver.java:89)
	at io.appium.java_client.AppiumDriver.<init>(AppiumDriver.java:101)
	at io.appium.java_client.ios.IOSDriver.<init>(IOSDriver.java:104)
	at utils.TestBase.setup(TestBase.java:40)
	at utils.TestContextSetup.<init>(TestContextSetup.java:19)
	at java.base/jdk.internal.reflect.NativeConstructorAccessorImpl.newInstance0(Native Method)
	at java.base/jdk.internal.reflect.NativeConstructorAccessorImpl.newInstance(NativeConstructorAccessorImpl.java:62)
	at java.base/jdk.internal.reflect.DelegatingConstructorAccessorImpl.newInstance(DelegatingConstructorAccessorImpl.java:45)
	at java.base/java.lang.reflect.Constructor.newInstance(Constructor.java:490)
	at org.picocontainer.injectors.AbstractInjector.newInstance(AbstractInjector.java:145)
	at org.picocontainer.injectors.ConstructorInjector$1.run(ConstructorInjector.java:342)
	at org.picocontainer.injectors.AbstractInjector$ThreadLocalCyclicDependencyGuard.observe(AbstractInjector.java:270)
	at org.picocontainer.injectors.ConstructorInjector.getComponentInstance(ConstructorInjector.java:364)
	at org.picocontainer.injectors.AbstractInjectionFactory$LifecycleAdapter.getComponentInstance(AbstractInjectionFactory.java:56)
	at org.picocontainer.behaviors.AbstractBehavior.getComponentInstance(AbstractBehavior.java:64)
	at org.picocontainer.behaviors.Stored.getComponentInstance(Stored.java:91)
	at org.picocontainer.DefaultPicoContainer.getInstance(DefaultPicoContainer.java:699)
	at org.picocontainer.DefaultPicoContainer.getComponent(DefaultPicoContainer.java:647)
	at org.picocontainer.DefaultPicoContainer.getComponent(DefaultPicoContainer.java:632)
	at org.picocontainer.parameters.BasicComponentParameter$1.resolveInstance(BasicComponentParameter.java:118)
	at org.picocontainer.parameters.ComponentParameter$1.resolveInstance(ComponentParameter.java:136)
	at org.picocontainer.injectors.SingleMemberInjector.getParameter(SingleMemberInjector.java:78)
	at org.picocontainer.injectors.ConstructorInjector$CtorAndAdapters.getParameterArguments(ConstructorInjector.java:309)
	at org.picocontainer.injectors.ConstructorInjector$1.run(ConstructorInjector.java:335)
	at org.picocontainer.injectors.AbstractInjector$ThreadLocalCyclicDependencyGuard.observe(AbstractInjector.java:270)
	at org.picocontainer.injectors.ConstructorInjector.getComponentInstance(ConstructorInjector.java:364)
	at org.picocontainer.injectors.AbstractInjectionFactory$LifecycleAdapter.getComponentInstance(AbstractInjectionFactory.java:56)
	at org.picocontainer.behaviors.AbstractBehavior.getComponentInstance(AbstractBehavior.java:64)
	at org.picocontainer.behaviors.Stored.getComponentInstance(Stored.java:91)
	at org.picocontainer.DefaultPicoContainer.getInstance(DefaultPicoContainer.java:699)
	at org.picocontainer.DefaultPicoContainer.getComponent(DefaultPicoContainer.java:647)
	at org.picocontainer.DefaultPicoContainer.getComponent(DefaultPicoContainer.java:678)
	at io.cucumber.picocontainer.PicoFactory.getInstance(PicoFactory.java:64)
	at io.cucumber.java.AbstractGlueDefinition.invokeMethod(AbstractGlueDefinition.java:47)
	at io.cucumber.java.JavaStepDefinition.execute(JavaStepDefinition.java:29)
	at io.cucumber.core.runner.CoreStepDefinition.execute(CoreStepDefinition.java:66)
	at io.cucumber.core.runner.PickleStepDefinitionMatch.runStep(PickleStepDefinitionMatch.java:63)
	at io.cucumber.core.runner.ExecutionMode$1.execute(ExecutionMode.java:10)
	at io.cucumber.core.runner.TestStep.executeStep(TestStep.java:84)
	at io.cucumber.core.runner.TestStep.run(TestStep.java:56)
	at io.cucumber.core.runner.PickleStepTestStep.run(PickleStepTestStep.java:51)
	at io.cucumber.core.runner.TestCase.run(TestCase.java:84)
	at io.cucumber.core.runner.Runner.runPickle(Runner.java:75)
	at io.cucumber.testng.TestNGCucumberRunner.lambda$runScenario$1(TestNGCucumberRunner.java:132)
	at io.cucumber.core.runtime.CucumberExecutionContext.lambda$runTestCase$5(CucumberExecutionContext.java:137)
	at io.cucumber.core.runtime.RethrowingThrowableCollector.executeAndThrow(RethrowingThrowableCollector.java:23)
	at io.cucumber.core.runtime.CucumberExecutionContext.runTestCase(CucumberExecutionContext.java:137)
	at io.cucumber.testng.TestNGCucumberRunner.runScenario(TestNGCucumberRunner.java:129)
	at io.cucumber.testng.AbstractTestNGCucumberTests.runScenario(AbstractTestNGCucumberTests.java:35)
	at java.base/jdk.internal.reflect.NativeMethodAccessorImpl.invoke0(Native Method)
	at java.base/jdk.internal.reflect.NativeMethodAccessorImpl.invoke(NativeMethodAccessorImpl.java:62)
	at java.base/jdk.internal.reflect.DelegatingMethodAccessorImpl.invoke(DelegatingMethodAccessorImpl.java:43)
	at java.base/java.lang.reflect.Method.invoke(Method.java:566)
	at org.testng.internal.invokers.MethodInvocationHelper.invokeMethod(Unknown Source)
	at org.testng.internal.invokers.TestInvoker.a(Unknown Source)
	at org.testng.internal.invokers.TestInvoker.invokeTestMethod(Unknown Source)
	at org.testng.internal.invokers.MethodRunner.runInSequence(Unknown Source)
	at org.testng.internal.invokers.TestInvoker$MethodInvocationAgent.a(Unknown Source)
	at org.testng.internal.invokers.TestInvoker.invokeTestMethods(Unknown Source)
	at org.testng.internal.invokers.TestMethodWorker.invokeTestMethods(Unknown Source)
	at org.testng.internal.invokers.TestMethodWorker.run(Unknown Source)
	at java.base/java.util.ArrayList.forEach(ArrayList.java:1541)
	at org.testng.TestRunner.a(Unknown Source)
	at org.testng.TestRunner.run(Unknown Source)
	at org.testng.SuiteRunner.a(Unknown Source)
	at org.testng.SuiteRunner.a(Unknown Source)
	at org.testng.SuiteRunner$SuiteWorker.run(Unknown Source)
	at org.testng.internal.thread.ThreadUtil.a(Unknown Source)
	at java.base/java.util.concurrent.FutureTask.run(FutureTask.java:264)
	at java.base/java.util.concurrent.ThreadPoolExecutor.runWorker(ThreadPoolExecutor.java:1128)
	at java.base/java.util.concurrent.ThreadPoolExecutor$Worker.run(ThreadPoolExecutor.java:628)
	at java.base/java.lang.Thread.run(Thread.java:834)
&amp#27;[0m
      &amp#27;[31mjava.lang.IllegalArgumentException: Multiple entries with same key: appium:app=bs://sample.app and appium:app=bs://c0f7fb58da2572be3153c560f9e6e13efa1dfc2d
	at com.google.common.collect.ImmutableMap.a(Unknown Source)
	at com.google.common.collect.ImmutableMap.a(Unknown Source)
	at com.google.common.collect.RegularImmutableMap.a(Unknown Source)
	at com.google.common.collect.RegularImmutableMap.b(Unknown Source)
	at com.google.common.collect.RegularImmutableMap.a(Unknown Source)
	at com.google.common.collect.ImmutableMap$Builder.a(Unknown Source)
	at com.google.common.collect.ImmutableMap$Builder.buildOrThrow(Unknown Source)
	at com.google.common.collect.ImmutableMap$Builder.build(Unknown Source)
	at java.base/java.util.stream.ReferencePipeline.collect(ReferencePipeline.java:582)
	at io.appium.java_client.remote.AppiumNewSessionCommandPayload.makeW3CSafe(AppiumNewSessionCommandPayload.java:40)
	at io.appium.java_client.remote.AppiumNewSessionCommandPayload.<init>(AppiumNewSessionCommandPayload.java:54)
	at io.appium.java_client.AppiumDriver.startSession(AppiumDriver.java:274)
	at org.openqa.selenium.remote.RemoteWebDriver.<init>(RemoteWebDriver.java:163)
	at io.appium.java_client.AppiumDriver.<init>(AppiumDriver.java:89)
	at io.appium.java_client.AppiumDriver.<init>(AppiumDriver.java:101)
	at io.appium.java_client.ios.IOSDriver.<init>(IOSDriver.java:104)
	at utils.TestBase.setup(TestBase.java:40)
	at utils.TestContextSetup.<init>(TestContextSetup.java:19)
	at java.base/jdk.internal.reflect.NativeConstructorAccessorImpl.newInstance0(Native Method)
	at java.base/jdk.internal.reflect.NativeConstructorAccessorImpl.newInstance(NativeConstructorAccessorImpl.java:62)
	at java.base/jdk.internal.reflect.DelegatingConstructorAccessorImpl.newInstance(DelegatingConstructorAccessorImpl.java:45)
	at java.base/java.lang.reflect.Constructor.newInstance(Constructor.java:490)
	at org.picocontainer.injectors.AbstractInjector.newInstance(AbstractInjector.java:145)
	at org.picocontainer.injectors.ConstructorInjector$1.run(ConstructorInjector.java:342)
	at org.picocontainer.injectors.AbstractInjector$ThreadLocalCyclicDependencyGuard.observe(AbstractInjector.java:270)
	at org.picocontainer.injectors.ConstructorInjector.getComponentInstance(ConstructorInjector.java:364)
	at org.picocontainer.injectors.AbstractInjectionFactory$LifecycleAdapter.getComponentInstance(AbstractInjectionFactory.java:56)
	at org.picocontainer.behaviors.AbstractBehavior.getComponentInstance(AbstractBehavior.java:64)
	at org.picocontainer.behaviors.Stored.getComponentInstance(Stored.java:91)
	at org.picocontainer.DefaultPicoContainer.getInstance(DefaultPicoContainer.java:699)
	at org.picocontainer.DefaultPicoContainer.getComponent(DefaultPicoContainer.java:647)
	at org.picocontainer.DefaultPicoContainer.getComponent(DefaultPicoContainer.java:632)
	at org.picocontainer.parameters.BasicComponentParameter$1.resolveInstance(BasicComponentParameter.java:118)
	at org.picocontainer.parameters.ComponentParameter$1.resolveInstance(ComponentParameter.java:136)
	at org.picocontainer.injectors.SingleMemberInjector.getParameter(SingleMemberInjector.java:78)
	at org.picocontainer.injectors.ConstructorInjector$CtorAndAdapters.getParameterArguments(ConstructorInjector.java:309)
	at org.picocontainer.injectors.ConstructorInjector$1.run(ConstructorInjector.java:335)
	at org.picocontainer.injectors.AbstractInjector$ThreadLocalCyclicDependencyGuard.observe(AbstractInjector.java:270)
	at org.picocontainer.injectors.ConstructorInjector.getComponentInstance(ConstructorInjector.java:364)
	at org.picocontainer.injectors.AbstractInjectionFactory$LifecycleAdapter.getComponentInstance(AbstractInjectionFactory.java:56)
	at org.picocontainer.behaviors.AbstractBehavior.getComponentInstance(AbstractBehavior.java:64)
	at org.picocontainer.behaviors.Stored.getComponentInstance(Stored.java:91)
	at org.picocontainer.DefaultPicoContainer.getInstance(DefaultPicoContainer.java:699)
	at org.picocontainer.DefaultPicoContainer.getComponent(DefaultPicoContainer.java:647)
	at org.picocontainer.DefaultPicoContainer.getComponent(DefaultPicoContainer.java:678)
	at io.cucumber.picocontainer.PicoFactory.getInstance(PicoFactory.java:64)
	at io.cucumber.java.AbstractGlueDefinition.invokeMethod(AbstractGlueDefinition.java:47)
	at io.cucumber.java.JavaHookDefinition.execute(JavaHookDefinition.java:64)
	at io.cucumber.core.runner.CoreHookDefinition.execute(CoreHookDefinition.java:46)
	at io.cucumber.core.runner.HookDefinitionMatch.runStep(HookDefinitionMatch.java:21)
	at io.cucumber.core.runner.ExecutionMode$1.execute(ExecutionMode.java:10)
	at io.cucumber.core.runner.TestStep.executeStep(TestStep.java:84)
	at io.cucumber.core.runner.TestStep.run(TestStep.java:56)
	at io.cucumber.core.runner.PickleStepTestStep.run(PickleStepTestStep.java:56)
	at io.cucumber.core.runner.TestCase.run(TestCase.java:84)
	at io.cucumber.core.runner.Runner.runPickle(Runner.java:75)
	at io.cucumber.testng.TestNGCucumberRunner.lambda$runScenario$1(TestNGCucumberRunner.java:132)
	at io.cucumber.core.runtime.CucumberExecutionContext.lambda$runTestCase$5(CucumberExecutionContext.java:137)
	at io.cucumber.core.runtime.RethrowingThrowableCollector.executeAndThrow(RethrowingThrowableCollector.java:23)
	at io.cucumber.core.runtime.CucumberExecutionContext.runTestCase(CucumberExecutionContext.java:137)
	at io.cucumber.testng.TestNGCucumberRunner.runScenario(TestNGCucumberRunner.java:129)
	at io.cucumber.testng.AbstractTestNGCucumberTests.runScenario(AbstractTestNGCucumberTests.java:35)
	at java.base/jdk.internal.reflect.NativeMethodAccessorImpl.invoke0(Native Method)
	at java.base/jdk.internal.reflect.NativeMethodAccessorImpl.invoke(NativeMethodAccessorImpl.java:62)
	at java.base/jdk.internal.reflect.DelegatingMethodAccessorImpl.invoke(DelegatingMethodAccessorImpl.java:43)
	at java.base/java.lang.reflect.Method.invoke(Method.java:566)
	at org.testng.internal.invokers.MethodInvocationHelper.invokeMethod(Unknown Source)
	at org.testng.internal.invokers.TestInvoker.a(Unknown Source)
	at org.testng.internal.invokers.TestInvoker.invokeTestMethod(Unknown Source)
	at org.testng.internal.invokers.MethodRunner.runInSequence(Unknown Source)
	at org.testng.internal.invokers.TestInvoker$MethodInvocationAgent.a(Unknown Source)
	at org.testng.internal.invokers.TestInvoker.invokeTestMethods(Unknown Source)
	at org.testng.internal.invokers.TestMethodWorker.invokeTestMethods(Unknown Source)
	at org.testng.internal.invokers.TestMethodWorker.run(Unknown Source)
	at java.base/java.util.ArrayList.forEach(ArrayList.java:1541)
	at org.testng.TestRunner.a(Unknown Source)
	at org.testng.TestRunner.run(Unknown Source)
	at org.testng.SuiteRunner.a(Unknown Source)
	at org.testng.SuiteRunner.a(Unknown Source)
	at org.testng.SuiteRunner$SuiteWorker.run(Unknown Source)
	at org.testng.internal.thread.ThreadUtil.a(Unknown Source)
	at java.base/java.util.concurrent.FutureTask.run(FutureTask.java:264)
	at java.base/java.util.concurrent.ThreadPoolExecutor.runWorker(ThreadPoolExecutor.java:1128)
	at java.base/java.util.concurrent.ThreadPoolExecutor$Worker.run(ThreadPoolExecutor.java:628)
	at java.base/java.lang.Thread.run(Thread.java:834)
&amp#27;[0m
  &amp#27;[36mWhen &amp#27;[0m&amp#27;[36mUser logs in with username &amp#27;[0m&amp#27;[36m&amp#27;[1m"rajyalakshmi724@gmail.com"&amp#27;[0m&amp#27;[36m and password &amp#27;[0m&amp#27;[36m&amp#27;[1m"Amma@31348286"&amp#27;[0m                                                            &amp#27;[90m# stepDefinitions.LoginPageStepDefinitions.user_logs_in_with_username_and_password(java.lang.String,java.lang.String)&amp#27;[0m
  &amp#27;[36mThen &amp#27;[0m&amp#27;[36mUser should be able to login&amp#27;[0m                                                                                                                   &amp#27;[90m# stepDefinitions.LoginPageStepDefinitions.user_should_be_able_to_login()&amp#27;[0m
  &amp#27;[36mThen &amp#27;[0m&amp#27;[36mUser clicks on the pre-planning icon in homepage&amp#27;[0m                                                                                               &amp#27;[90m# stepDefinitions.HomePageStepDefinitions.user_clicks_on_the_pre_planning_icon_in_homepage()&amp#27;[0m
  &amp#27;[36mAnd &amp#27;[0m&amp#27;[36mUser clicks on Frac Sequence Planning in menu tab&amp#27;[0m                                                                                               &amp#27;[90m# stepDefinitions.PrePlanningStepDefinitions.user_clicks_on_frac_sequence_planning_in_menu_tab()&amp#27;[0m
  &amp#27;[36mThen &amp#27;[0m&amp#27;[36mCheck whether the default value is &amp#27;[0m&amp#27;[36m&amp#27;[1m2.0&amp#27;[0m&amp#27;[36m in Wireline Run time for API units&amp#27;[0m                                                                      &amp#27;[90m# stepDefinitions.PrePlanningMenuPageStepDefinitions.check_whether_the_default_value_is_in_wireline_run_time_for_api_units(java.lang.Double)&amp#27;[0m
  &amp#27;[36mThen &amp#27;[0m&amp#27;[36mSelect units as API and Give values  &amp#27;[0m&amp#27;[36m&amp#27;[1m0.11&amp#27;[0m&amp#27;[36m, &amp#27;[0m&amp#27;[36m&amp#27;[1m0.1&amp#27;[0m&amp#27;[36m, &amp#27;[0m&amp#27;[36m&amp#27;[1m5.0&amp#27;[0m&amp#27;[36m and &amp#27;[0m&amp#27;[36m&amp#27;[1m4.9&amp#27;[0m&amp#27;[36m in Wireline Run time Tab and the values should be accepted&amp#27;[0m                         &amp#27;[90m# stepDefinitions.PrePlanningMenuPageStepDefinitions.select_units_as_api_and_give_values_and_in_wireline_run_time_tab_and_the_values_should_be_accepted(java.lang.Double,java.lang.Double,java.lang.Double,java.lang.Double)&amp#27;[0m

@US121942
Scenario: TC122297 Verify for  API Units (dec) – Range-->(MIN 0.1--> MAX 5.0) for Default value – 2.0(Wireline Run time, Stack Frac portion only Tab) &amp#27;[90m# src/test/java/features/US121942.feature:13&amp#27;[0m

@US121942
Scenario: TC122297 Verify for  API Units (dec) – Range-->(MIN 0.1--> MAX 5.0) for Default value – 2.0(Wireline Run time, Stack Frac portion only Tab) &amp#27;[90m# src/test/java/features/US121942.feature:13&amp#27;[0m
  &amp#27;[31mGiven &amp#27;[0m&amp#27;[31mUser launches the mobile application&amp#27;[0m                                                                                                          &amp#27;[90m# stepDefinitions.LoginPageStepDefinitions.user_launches_the_mobile_application()&amp#27;[0m
      &amp#27;[31mjava.lang.IllegalArgumentException: Multiple entries with same key: appium:app=bs://sample.app and appium:app=bs://c0f7fb58da2572be3153c560f9e6e13efa1dfc2d
	at com.google.common.collect.ImmutableMap.a(Unknown Source)
	at com.google.common.collect.ImmutableMap.a(Unknown Source)
	at com.google.common.collect.RegularImmutableMap.a(Unknown Source)
[...]
	at org.testng.internal.thread.ThreadUtil.a(Unknown Source)
	at java.base/java.util.concurrent.FutureTask.run(FutureTask.java:264)
	at java.base/java.util.concurrent.ThreadPoolExecutor.runWorker(ThreadPoolExecutor.java:1128)
	at java.base/java.util.concurrent.ThreadPoolExecutor$Worker.run(ThreadPoolExecutor.java:628)
	at java.base/java.lang.Thread.run(Thread.java:834)
&amp#27;[0m
      &amp#27;[31mjava.lang.IllegalArgumentException: Multiple entries with same key: appium:app=bs://sample.app and appium:app=bs://c0f7fb58da2572be3153c560f9e6e13efa1dfc2d
	at com.google.common.collect.ImmutableMap.a(Unknown Source)
	at com.google.common.collect.ImmutableMap.a(Unknown Source)
	at com.google.common.collect.RegularImmutableMap.a(Unknown Source)
	at com.google.common.collect.RegularImmutableMap.b(Unknown Source)
	at com.google.common.collect.RegularImmutableMap.a(Unknown Source)
	at com.google.common.collect.ImmutableMap$Builder.a(Unknown Source)
	at com.google.common.collect.ImmutableMap$Builder.buildOrThrow(Unknown Source)
	at com.google.common.collect.ImmutableMap$Builder.build(Unknown Source)
	at java.base/java.util.stream.ReferencePipeline.collect(ReferencePipeline.java:582)
	at io.appium.java_client.remote.AppiumNewSessionCommandPayload.makeW3CSafe(AppiumNewSessionCommandPayload.java:40)
	at io.appium.java_client.remote.AppiumNewSessionCommandPayload.<init>(AppiumNewSessionCommandPayload.java:54)
	at io.appium.java_client.AppiumDriver.startSession(AppiumDriver.java:274)
	at org.openqa.selenium.remote.RemoteWebDriver.<init>(RemoteWebDriver.java:163)
	at io.appium.java_client.AppiumDriver.<init>(AppiumDriver.java:89)
	at io.appium.java_client.AppiumDriver.<init>(AppiumDriver.java:101)
	at io.appium.java_client.ios.IOSDriver.<init>(IOSDriver.java:104)
	at utils.TestBase.setup(TestBase.java:40)
	at utils.TestContextSetup.<init>(TestContextSetup.java:19)
	at java.base/jdk.internal.reflect.NativeConstructorAccessorImpl.newInstance0(Native Method)
	at java.base/jdk.internal.reflect.NativeConstructorAccessorImpl.newInstance(NativeConstructorAccessorImpl.java:62)
	at java.base/jdk.internal.reflect.DelegatingConstructorAccessorImpl.newInstance(DelegatingConstructorAccessorImpl.java:45)
	at java.base/java.lang.reflect.Constructor.newInstance(Constructor.java:490)
	at org.picocontainer.injectors.AbstractInjector.newInstance(AbstractInjector.java:145)
	at org.picocontainer.injectors.ConstructorInjector$1.run(ConstructorInjector.java:342)
	at org.picocontainer.injectors.AbstractInjector$ThreadLocalCyclicDependencyGuard.observe(AbstractInjector.java:270)
	at org.picocontainer.injectors.ConstructorInjector.getComponentInstance(ConstructorInjector.java:364)
	at org.picocontainer.injectors.AbstractInjectionFactory$LifecycleAdapter.getComponentInstance(AbstractInjectionFactory.java:56)
	at org.picocontainer.behaviors.AbstractBehavior.getComponentInstance(AbstractBehavior.java:64)
	at org.picocontainer.behaviors.Stored.getComponentInstance(Stored.java:91)
	at org.picocontainer.DefaultPicoContainer.getInstance(DefaultPicoContainer.java:699)
	at org.picocontainer.DefaultPicoContainer.getComponent(DefaultPicoContainer.java:647)
	at org.picocontainer.DefaultPicoContainer.getComponent(DefaultPicoContainer.java:632)
	at org.picocontainer.parameters.BasicComponentParameter$1.resolveInstance(BasicComponentParameter.java:118)
	at org.picocontainer.parameters.ComponentParameter$1.resolveInstance(ComponentParameter.java:136)
	at org.picocontainer.injectors.SingleMemberInjector.getParameter(SingleMemberInjector.java:78)
	at org.picocontainer.injectors.ConstructorInjector$CtorAndAdapters.getParameterArguments(ConstructorInjector.java:309)
	at org.picocontainer.injectors.ConstructorInjector$1.run(ConstructorInjector.java:335)
	at org.picocontainer.injectors.AbstractInjector$ThreadLocalCyclicDependencyGuard.observe(AbstractInjector.java:270)
	at org.picocontainer.injectors.ConstructorInjector.getComponentInstance(ConstructorInjector.java:364)
	at org.picocontainer.injectors.AbstractInjectionFactory$LifecycleAdapter.getComponentInstance(AbstractInjectionFactory.java:56)
	at org.picocontainer.behaviors.AbstractBehavior.getComponentInstance(AbstractBehavior.java:64)
	at org.picocontainer.behaviors.Stored.getComponentInstance(Stored.java:91)
	at org.picocontainer.DefaultPicoContainer.getInstance(DefaultPicoContainer.java:699)
	at org.picocontainer.DefaultPicoContainer.getComponent(DefaultPicoContainer.java:647)
	at org.picocontainer.DefaultPicoContainer.getComponent(DefaultPicoContainer.java:678)
	at io.cucumber.picocontainer.PicoFactory.getInstance(PicoFactory.java:64)
	at io.cucumber.java.AbstractGlueDefinition.invokeMethod(AbstractGlueDefinition.java:47)
	at io.cucumber.java.JavaHookDefinition.execute(JavaHookDefinition.java:64)
	at io.cucumber.core.runner.CoreHookDefinition.execute(CoreHookDefinition.java:46)
	at io.cucumber.core.runner.HookDefinitionMatch.runStep(HookDefinitionMatch.java:21)
	at io.cucumber.core.runner.ExecutionMode$1.execute(ExecutionMode.java:10)
	at io.cucumber.core.runner.TestStep.executeStep(TestStep.java:84)
	at io.cucumber.core.runner.TestStep.run(TestStep.java:56)
	at io.cucumber.core.runner.PickleStepTestStep.run(PickleStepTestStep.java:56)
	at io.cucumber.core.runner.TestCase.run(TestCase.java:84)
	at io.cucumber.core.runner.Runner.runPickle(Runner.java:75)
	at io.cucumber.testng.TestNGCucumberRunner.lambda$runScenario$1(TestNGCucumberRunner.java:132)
	at io.cucumber.core.runtime.CucumberExecutionContext.lambda$runTestCase$5(CucumberExecutionContext.java:137)
	at io.cucumber.core.runtime.RethrowingThrowableCollector.executeAndThrow(RethrowingThrowableCollector.java:23)
	at io.cucumber.core.runtime.CucumberExecutionContext.runTestCase(CucumberExecutionContext.java:137)
	at io.cucumber.testng.TestNGCucumberRunner.runScenario(TestNGCucumberRunner.java:129)
	at io.cucumber.testng.AbstractTestNGCucumberTests.runScenario(AbstractTestNGCucumberTests.java:35)
	at java.base/jdk.internal.reflect.NativeMethodAccessorImpl.invoke0(Native Method)
	at java.base/jdk.internal.reflect.NativeMethodAccessorImpl.invoke(NativeMethodAccessorImpl.java:62)
	at java.base/jdk.internal.reflect.DelegatingMethodAccessorImpl.invoke(DelegatingMethodAccessorImpl.java:43)
	at java.base/java.lang.reflect.Method.invoke(Method.java:566)
	at org.testng.internal.invokers.MethodInvocationHelper.invokeMethod(Unknown Source)
	at org.testng.internal.invokers.TestInvoker.a(Unknown Source)
	at org.testng.internal.invokers.TestInvoker.invokeTestMethod(Unknown Source)
	at org.testng.internal.invokers.MethodRunner.runInSequence(Unknown Source)
	at org.testng.internal.invokers.TestInvoker$MethodInvocationAgent.a(Unknown Source)
	at org.testng.internal.invokers.TestInvoker.invokeTestMethods(Unknown Source)
	at org.testng.internal.invokers.TestMethodWorker.invokeTestMethods(Unknown Source)
	at org.testng.internal.invokers.TestMethodWorker.run(Unknown Source)
	at java.base/java.util.ArrayList.forEach(ArrayList.java:1541)
	at org.testng.TestRunner.a(Unknown Source)
	at org.testng.TestRunner.run(Unknown Source)
	at org.testng.SuiteRunner.a(Unknown Source)
	at org.testng.SuiteRunner.a(Unknown Source)
	at org.testng.SuiteRunner$SuiteWorker.run(Unknown Source)
	at org.testng.internal.thread.ThreadUtil.a(Unknown Source)
	at java.base/java.util.concurrent.FutureTask.run(FutureTask.java:264)
	at java.base/java.util.concurrent.ThreadPoolExecutor.runWorker(ThreadPoolExecutor.java:1128)
	at java.base/java.util.concurrent.ThreadPoolExecutor$Worker.run(ThreadPoolExecutor.java:628)
	at java.base/java.lang.Thread.run(Thread.java:834)
&amp#27;[0m
  &amp#27;[36mWhen &amp#27;[0m&amp#27;[36mUser logs in with username &amp#27;[0m&amp#27;[36m&amp#27;[1m"rajyalakshmi724@gmail.com"&amp#27;[0m&amp#27;[36m and password &amp#27;[0m&amp#27;[36m&amp#27;[1m"Amma@31348286"&amp#27;[0m                &amp#27;[90m# stepDefinitions.LoginPageStepDefinitions.user_logs_in_with_username_and_password(java.lang.String,java.lang.String)&amp#27;[0m
  &amp#27;[36mThen &amp#27;[0m&amp#27;[36mUser should be able to login&amp#27;[0m                                                                       &amp#27;[90m# stepDefinitions.LoginPageStepDefinitions.user_should_be_able_to_login()&amp#27;[0m
  &amp#27;[36mThen &amp#27;[0m&amp#27;[36mUser clicks on the pre-planning icon in homepage&amp#27;[0m                                                   &amp#27;[90m# stepDefinitions.HomePageStepDefinitions.user_clicks_on_the_pre_planning_icon_in_homepage()&amp#27;[0m
  &amp#27;[36mAnd &amp#27;[0m&amp#27;[36mUser clicks on Frac Sequence Planning in menu tab&amp#27;[0m                                                   &amp#27;[90m# stepDefinitions.PrePlanningStepDefinitions.user_clicks_on_frac_sequence_planning_in_menu_tab()&amp#27;[0m
  &amp#27;[36mAnd &amp#27;[0m&amp#27;[36mGive decimal values &amp#27;[0m&amp#27;[36m&amp#27;[1m1.0&amp#27;[0m&amp#27;[36m and &amp#27;[0m&amp#27;[36m&amp#27;[1m5.0&amp#27;[0m&amp#27;[36m in Wireline Run time  tab the values should be accepted&amp#27;[0m             &amp#27;[90m# stepDefinitions.PrePlanningMenuPageStepDefinitions.give_decimal_values_and_in_wireline_run_time_tab_the_values_should_be_accepted(java.lang.Double,java.lang.Double)&amp#27;[0m
  &amp#27;[36mAnd &amp#27;[0m&amp#27;[36mGive integer values &amp#27;[0m&amp#27;[36m&amp#27;[1m9&amp#27;[0m&amp#27;[36m and &amp#27;[0m&amp#27;[36m&amp#27;[1m0&amp#27;[0m&amp#27;[36m in Wireline Run time tab the values should not be accepted&amp#27;[0m              &amp#27;[90m# stepDefinitions.PrePlanningMenuPageStepDefinitions.give_integer_values_and_in_wireline_run_time_tab_the_values_should_not_be_accepted(java.lang.Integer,java.lang.Integer)&amp#27;[0m
      &amp#27;[31mjava.lang.IllegalArgumentException: Multiple entries with same key: appium:app=bs://sample.app and appium:app=bs://c0f7fb58da2572be3153c560f9e6e13efa1dfc2d
	at com.google.common.collect.ImmutableMap.a(Unknown Source)
	at com.google.common.collect.ImmutableMap.a(Unknown Source)
	at com.google.common.collect.RegularImmutableMap.a(Unknown Source)
	at com.google.common.collect.RegularImmutableMap.b(Unknown Source)
	at com.google.common.collect.RegularImmutableMap.a(Unknown Source)
	at com.google.common.collect.ImmutableMap$Builder.a(Unknown Source)
	at com.google.common.collect.ImmutableMap$Builder.buildOrThrow(Unknown Source)
	at com.google.common.collect.ImmutableMap$Builder.build(Unknown Source)
	at java.base/java.util.stream.ReferencePipeline.collect(ReferencePipeline.java:582)
	at io.appium.java_client.remote.AppiumNewSessionCommandPayload.makeW3CSafe(AppiumNewSessionCommandPayload.java:40)
	at io.appium.java_client.remote.AppiumNewSessionCommandPayload.<init>(AppiumNewSessionCommandPayload.java:54)
	at io.appium.java_client.AppiumDriver.startSession(AppiumDriver.java:274)
	at org.openqa.selenium.remote.RemoteWebDriver.<init>(RemoteWebDriver.java:163)
	at io.appium.java_client.AppiumDriver.<init>(AppiumDriver.java:89)
	at io.appium.java_client.AppiumDriver.<init>(AppiumDriver.java:101)
	at io.appium.java_client.ios.IOSDriver.<init>(IOSDriver.java:104)
	at utils.TestBase.setup(TestBase.java:40)
	at utils.TestContextSetup.<init>(TestContextSetup.java:19)
	at java.base/jdk.internal.reflect.NativeConstructorAccessorImpl.newInstance0(Native Method)
	at java.base/jdk.internal.reflect.NativeConstructorAccessorImpl.newInstance(NativeConstructorAccessorImpl.java:62)
	at java.base/jdk.internal.reflect.DelegatingConstructorAccessorImpl.newInstance(DelegatingConstructorAccessorImpl.java:45)
	at java.base/java.lang.reflect.Constructor.newInstance(Constructor.java:490)
	at org.picocontainer.injectors.AbstractInjector.newInstance(AbstractInjector.java:145)
	at org.picocontainer.injectors.ConstructorInjector$1.run(ConstructorInjector.java:342)
	at org.picocontainer.injectors.AbstractInjector$ThreadLocalCyclicDependencyGuard.observe(AbstractInjector.java:270)
	at org.picocontainer.injectors.ConstructorInjector.getComponentInstance(ConstructorInjector.java:364)
	at org.picocontainer.injectors.AbstractInjectionFactory$LifecycleAdapter.getComponentInstance(AbstractInjectionFactory.java:56)
	at org.picocontainer.behaviors.AbstractBehavior.getComponentInstance(AbstractBehavior.java:64)
	at org.picocontainer.behaviors.Stored.getComponentInstance(Stored.java:91)
	at org.picocontainer.DefaultPicoContainer.getInstance(DefaultPicoContainer.java:699)
	at org.picocontainer.DefaultPicoContainer.getComponent(DefaultPicoContainer.java:647)
	at org.picocontainer.DefaultPicoContainer.getComponent(DefaultPicoContainer.java:632)
	at org.picocontainer.parameters.BasicComponentParameter$1.resolveInstance(BasicComponentParameter.java:118)
	at org.picocontainer.parameters.ComponentParameter$1.resolveInstance(ComponentParameter.java:136)
	at org.picocontainer.injectors.SingleMemberInjector.getParameter(SingleMemberInjector.java:78)
	at org.picocontainer.injectors.ConstructorInjector$CtorAndAdapters.getParameterArguments(ConstructorInjector.java:309)
	at org.picocontainer.injectors.ConstructorInjector$1.run(ConstructorInjector.java:335)
	at org.picocontainer.injectors.AbstractInjector$ThreadLocalCyclicDependencyGuard.observe(AbstractInjector.java:270)
	at org.picocontainer.injectors.ConstructorInjector.getComponentInstance(ConstructorInjector.java:364)
	at org.picocontainer.injectors.AbstractInjectionFactory$LifecycleAdapter.getComponentInstance(AbstractInjectionFactory.java:56)
	at org.picocontainer.behaviors.AbstractBehavior.getComponentInstance(AbstractBehavior.java:64)
	at org.picocontainer.behaviors.Stored.getComponentInstance(Stored.java:91)
	at org.picocontainer.DefaultPicoContainer.getInstance(DefaultPicoContainer.java:699)
	at org.picocontainer.DefaultPicoContainer.getComponent(DefaultPicoContainer.java:647)
	at org.picocontainer.DefaultPicoContainer.getComponent(DefaultPicoContainer.java:678)
	at io.cucumber.picocontainer.PicoFactory.getInstance(PicoFactory.java:64)
	at io.cucumber.java.AbstractGlueDefinition.invokeMethod(AbstractGlueDefinition.java:47)
	at io.cucumber.java.JavaHookDefinition.execute(JavaHookDefinition.java:64)
	at io.cucumber.core.runner.CoreHookDefinition.execute(CoreHookDefinition.java:46)
	at io.cucumber.core.runner.HookDefinitionMatch.runStep(HookDefinitionMatch.java:21)
	at io.cucumber.core.runner.ExecutionMode$1.execute(ExecutionMode.java:10)
	at io.cucumber.core.runner.TestStep.executeStep(TestStep.java:84)
	at io.cucumber.core.runner.TestStep.run(TestStep.java:56)
	at io.cucumber.core.runner.PickleStepTestStep.run(PickleStepTestStep.java:56)
	at io.cucumber.core.runner.TestCase.run(TestCase.java:84)
	at io.cucumber.core.runner.Runner.runPickle(Runner.java:75)
	at io.cucumber.testng.TestNGCucumberRunner.lambda$runScenario$1(TestNGCucumberRunner.java:132)
	at io.cucumber.core.runtime.CucumberExecutionContext.lambda$runTestCase$5(CucumberExecutionContext.java:137)
	at io.cucumber.core.runtime.RethrowingThrowableCollector.executeAndThrow(RethrowingThrowableCollector.java:23)
	at io.cucumber.core.runtime.CucumberExecutionContext.runTestCase(CucumberExecutionContext.java:137)
	at io.cucumber.testng.TestNGCucumberRunner.runScenario(TestNGCucumberRunner.java:129)
	at io.cucumber.testng.AbstractTestNGCucumberTests.runScenario(AbstractTestNGCucumberTests.java:35)
	at java.base/jdk.internal.reflect.NativeMethodAccessorImpl.invoke0(Native Method)
	at java.base/jdk.internal.reflect.NativeMethodAccessorImpl.invoke(NativeMethodAccessorImpl.java:62)
	at java.base/jdk.internal.reflect.DelegatingMethodAccessorImpl.invoke(DelegatingMethodAccessorImpl.java:43)
	at java.base/java.lang.reflect.Method.invoke(Method.java:566)
	at org.testng.internal.invokers.MethodInvocationHelper.invokeMethod(Unknown Source)
	at org.testng.internal.invokers.TestInvoker.a(Unknown Source)
	at org.testng.internal.invokers.TestInvoker.invokeTestMethod(Unknown Source)
	at org.testng.internal.invokers.MethodRunner.runInSequence(Unknown Source)
	at org.testng.internal.invokers.TestInvoker$MethodInvocationAgent.a(Unknown Source)
	at org.testng.internal.invokers.TestInvoker.invokeTestMethods(Unknown Source)
	at org.testng.internal.invokers.TestMethodWorker.invokeTestMethods(Unknown Source)
	at org.testng.internal.invokers.TestMethodWorker.run(Unknown Source)
	at java.base/java.util.ArrayList.forEach(ArrayList.java:1541)
	at org.testng.TestRunner.a(Unknown Source)
	at org.testng.TestRunner.run(Unknown Source)
	at org.testng.SuiteRunner.a(Unknown Source)
	at org.testng.SuiteRunner.a(Unknown Source)
	at org.testng.SuiteRunner$SuiteWorker.run(Unknown Source)
	at org.testng.internal.thread.ThreadUtil.a(Unknown Source)
	at java.base/java.util.concurrent.FutureTask.run(FutureTask.java:264)
	at java.base/java.util.concurrent.ThreadPoolExecutor.runWorker(ThreadPoolExecutor.java:1128)
	at java.base/java.util.concurrent.ThreadPoolExecutor$Worker.run(ThreadPoolExecutor.java:628)
	at java.base/java.lang.Thread.run(Thread.java:834)
&amp#27;[0m
  &amp#27;[36mWhen &amp#27;[0m&amp#27;[36mUser logs in with username &amp#27;[0m&amp#27;[36m&amp#27;[1m"rajyalakshmi724@gmail.com"&amp#27;[0m&amp#27;[36m and password &amp#27;[0m&amp#27;[36m&amp#27;[1m"Amma@31348286"&amp#27;[0m                &amp#27;[90m# stepDefinitions.LoginPageStepDefinitions.user_logs_in_with_username_and_password(java.lang.String,java.lang.String)&amp#27;[0m
  &amp#27;[36mThen &amp#27;[0m&amp#27;[36mUser should be able to login&amp#27;[0m                                                                       &amp#27;[90m# stepDefinitions.LoginPageStepDefinitions.user_should_be_able_to_login()&amp#27;[0m
  &amp#27;[36mThen &amp#27;[0m&amp#27;[36mUser clicks on the pre-planning icon in homepage&amp#27;[0m                                                   &amp#27;[90m# stepDefinitions.HomePageStepDefinitions.user_clicks_on_the_pre_planning_icon_in_homepage()&amp#27;[0m
  &amp#27;[36mAnd &amp#27;[0m&amp#27;[36mUser clicks on Frac Sequence Planning in menu tab&amp#27;[0m                                                   &amp#27;[90m# stepDefinitions.PrePlanningStepDefinitions.user_clicks_on_frac_sequence_planning_in_menu_tab()&amp#27;[0m
  &amp#27;[36mAnd &amp#27;[0m&amp#27;[36mGive decimal values &amp#27;[0m&amp#27;[36m&amp#27;[1m1.0&amp#27;[0m&amp#27;[36m and &amp#27;[0m&amp#27;[36m&amp#27;[1m5.0&amp#27;[0m&amp#27;[36m in Wireline Run time  tab the values should be accepted&amp#27;[0m             &amp#27;[90m# stepDefinitions.PrePlanningMenuPageStepDefinitions.give_decimal_values_and_in_wireline_run_time_tab_the_values_should_be_accepted(java.lang.Double,java.lang.Double)&amp#27;[0m
  &amp#27;[36mAnd &amp#27;[0m&amp#27;[36mGive integer values &amp#27;[0m&amp#27;[36m&amp#27;[1m9&amp#27;[0m&amp#27;[36m and &amp#27;[0m&amp#27;[36m&amp#27;[1m0&amp#27;[0m&amp#27;[36m in Wireline Run time tab the values should not be accepted&amp#27;[0m              &amp#27;[90m# stepDefinitions.PrePlanningMenuPageStepDefinitions.give_integer_values_and_in_wireline_run_time_tab_the_values_should_not_be_accepted(java.lang.Integer,java.lang.Integer)&amp#27;[0m
]]></system-out>
  </testcase>
  <testcase name="runScenario" classname="cucumberOptions.TestNGTestRunner" time="7.5">
    <failure message="Multiple entries with same key: appium:app=bs://sample.app and appium:app=bs://c0f7fb58da2572be3153c560f9e6e13efa1dfc2d" type="java.lang.IllegalArgumentException">java.lang.IllegalArgumentException: Multiple entries with same key: appium:app=bs://sample.app and appium:app=bs://c0f7fb58da2572be3153c560f9e6e13efa1dfc2d
</failure>
  </testcase>
  <testcase name="runScenario" classname="cucumberOptions.TestNGTestRunner" time="7.516">
    <failure message="Multiple entries with same key: appium:app=bs://sample.app and appium:app=bs://c0f7fb58da2572be3153c560f9e6e13efa1dfc2d" type="java.lang.IllegalArgumentException">java.lang.IllegalArgumentException: Multiple entries with same key: appium:app=bs://sample.app and appium:app=bs://c0f7fb58da2572be3153c560f9e6e13efa1dfc2d
</failure>
  </testcase>
</testsuite>