<?xml version="1.0" encoding="UTF-8"?>
<!-- Generated by org.testng.reporters.JUnitReportReporter -->
<testsuite hostname="Abiramis-MacBook-Pro.local" failures="0" tests="1" name="cucumberOptions.TestNGTestRunner" time="62.772" errors="1" timestamp="2024-02-01T14:46:50 IST" skipped="0">
  <testcase classname="cucumberOptions.TestNGTestRunner" name="runScenario" time="62.772">
    <error message="class com.google.common.collect.Maps$TransformedEntriesMap cannot be cast to class java.lang.String (com.google.common.collect.Maps$TransformedEntriesMap is in unnamed module of loader &#039;app&#039;; java.lang.String is in module java.base of loader &#039;bootstrap&#039;)" type="java.lang.ClassCastException">
      <![CDATA[java.lang.ClassCastException: class com.google.common.collect.Maps$TransformedEntriesMap cannot be cast to class java.lang.String (com.google.common.collect.Maps$TransformedEntriesMap is in unnamed module of loader 'app'; java.lang.String is in module java.base of loader 'bootstrap')
at io.appium.java_client.imagecomparison.ComparisonResult.getVisualization(ComparisonResult.java:62)
at utils.CommonMethods.imagecomparitor(CommonMethods.java:324)
at pageObjects.PrePlanningPage.imagecomparison(PrePlanningPage.java:242)
at stepDefinitions.PrePlanningStepDefinitions.image_validation(PrePlanningStepDefinitions.java:158)
at ✽.Image Validation(file:///Users/abiramisundarapandian/Documents/RubixEclipseWorkspace/SmartfleetApp/src/test/java/features/ImageValiadtion.feature:4)
]]>
    </error>
  </testcase> <!-- runScenario -->
</testsuite> <!-- cucumberOptions.TestNGTestRunner -->
